
*** LogCollector started at 1697028057 ***
[0m[1m[2023-10-11 15:40:57.658] [0m[32;1m(INFO)[0m [Producer.mosaic_0 ]Receive an INI section
    <Configuration>
      <Section title="">
        <EUDAQ_LOG_ADDR>tcp://127.0.0.1:36125</EUDAQ_LOG_ADDR>
        <Name>/home/ssdetlab/stave_alpide/eudaq/user/stave/misc/Tracker.ini</Name>
      </Section>
    </Configuration>

[0m[1m[2023-10-11 15:40:57.658] [0m[32;1m(INFO)[0m [Producer.mosaic_0 ]Producer.mosaic_0 is to be initialised...
[0m[1m[2023-10-11 15:40:57.658] [0m[32;1m(INFO)[0m [Producer.mosaic_0 ]Producer.mosaic_0 is initialised.
[0m[1m[2023-10-11 15:41:01.332] [0m[32;1m(INFO)[0m [RunControl.RC-GUI ]Processing Configure command
[0m[1m[2023-10-11 15:41:01.332] [0m[32;1m(INFO)[0m [Producer.mosaic_0 ]Receive a CONF section
    <Configuration>
      <Section title="">
        <LogCollector.log>tcp://127.0.0.1:36125</LogCollector.log>
        <Name>/home/ssdetlab/stave_alpide/eudaq/user/stave/misc/MOSAIC_tests.conf</Name>
      </Section>
      <Section title="Producer.mosaic_0">
        <CTRL_AF_THR>1250000</CTRL_AF_THR>
        <CTRL_IFC_PHASE>2</CTRL_IFC_PHASE>
        <CTRL_LATENCY_MODE>0</CTRL_LATENCY_MODE>
        <CTRL_TIMEOUT>0</CTRL_TIMEOUT>
        <DATA_LINK_POLARITY>0</DATA_LINK_POLARITY>
        <DATA_LINK_SPEED>0</DATA_LINK_SPEED>
        <DATA_LOG_DIR>/home/ssdetlab/stave_alpide/eudaq/user/stave/misc/ev_data/mosaic_test_data/</DATA_LOG_DIR>
        <EUDAQ_DC>my_dc</EUDAQ_DC>
        <EV_DELAY>1000</EV_DELAY>
        <EV_SIZE>128</EV_SIZE>
        <GENERATOR>1</GENERATOR>
        <IP_ADDRESS>192.168.168.250</IP_ADDRESS>
        <MANCHESTER_DISABLED>0</MANCHESTER_DISABLED>
        <MASTER_SLAVE>0</MASTER_SLAVE>
        <MOSAIC_ID>0</MOSAIC_ID>
        <NOF_CTRL_IFC>12</NOF_CTRL_IFC>
        <N_TRIG>1000</N_TRIG>
        <POLLING_DATA_TIMEOUT>500</POLLING_DATA_TIMEOUT>
        <PULSE_DELAY>10000</PULSE_DELAY>
        <TCP_PORT_ADDR>2000</TCP_PORT_ADDR>
        <TRG_SRC>0</TRG_SRC>
        <TRIG_DELAY>0</TRIG_DELAY>
      </Section>
    </Configuration>

[0m[1m[2023-10-11 15:41:01.332] [0m[32;1m(INFO)[0m [Producer.mosaic_0 ]Producer.mosaic_0 is to be configured...
[0m[1m[2023-10-11 15:41:01.379] [0m[32;1m(INFO)[0m [Producer.mosaic_0 ]Producer.mosaic_0 is configured.
[0m[1m[2023-10-11 15:41:03.586] [0m[32;1m(INFO)[0m [RunControl.RC-GUI ]Processing StartRun command for RUN #820
[0m[1m[2023-10-11 15:41:05.687] [0m[32;1m(INFO)[0m [Producer.mosaic_0 ]RUN #820 is to be started...
[0m[1m[2023-10-11 15:41:05.687] [0m[32;1m(INFO)[0m [Producer.mosaic_0 ]RUN #820 is started.
[0m[1m[2023-10-11 15:41:05.793] [0m[32;1m(INFO)[0m [Producer.mosaic_0 ]1
[0m[1m[2023-10-11 15:41:05.794] [0m[32;1m(INFO)[0m [Producer.mosaic_0 ]2
[0m[1m[2023-10-11 15:41:05.794] [0m[32;1m(INFO)[0m [Producer.mosaic_0 ]3
[0m[1m[2023-10-11 15:41:05.795] [0m[32;1m(INFO)[0m [Producer.mosaic_0 ]4
[0m[1m[2023-10-11 15:41:05.795] [0m[32;1m(INFO)[0m [Producer.mosaic_0 ]5
[0m[1m[2023-10-11 15:41:05.796] [0m[32;1m(INFO)[0m [Producer.mosaic_0 ]6
[0m[1m[2023-10-11 15:41:05.796] [0m[32;1m(INFO)[0m [Producer.mosaic_0 ]7
[0m[1m[2023-10-11 15:41:05.796] [0m[32;1m(INFO)[0m [Producer.mosaic_0 ]8
[0m[1m[2023-10-11 15:41:05.796] [0m[32;1m(INFO)[0m [Producer.mosaic_0 ]9
[0m[1m[2023-10-11 15:41:05.796] [0m[32;1m(INFO)[0m [Producer.mosaic_0 ]10
[0m[1m[2023-10-11 15:41:05.796] [0m[32;1m(INFO)[0m [Producer.mosaic_0 ]11
[0m[1m[2023-10-11 15:41:05.796] [0m[32;1m(INFO)[0m [Producer.mosaic_0 ]12
[0m[1m[2023-10-11 15:41:05.797] [0m[32;1m(INFO)[0m [Producer.mosaic_0 ]13
[0m[1m[2023-10-11 15:41:05.797] [0m[32;1m(INFO)[0m [Producer.mosaic_0 ]14
[0m[1m[2023-10-11 15:41:05.797] [0m[32;1m(INFO)[0m [Producer.mosaic_0 ]15
[0m[1m[2023-10-11 15:41:05.797] [0m[32;1m(INFO)[0m [Producer.mosaic_0 ]16
[0m[1m[2023-10-11 15:41:05.797] [0m[32;1m(INFO)[0m [Producer.mosaic_0 ]17
[0m[1m[2023-10-11 15:41:05.797] [0m[32;1m(INFO)[0m [Producer.mosaic_0 ]18
[0m[1m[2023-10-11 15:41:05.797] [0m[32;1m(INFO)[0m [Producer.mosaic_0 ]19
[0m[1m[2023-10-11 15:41:05.797] [0m[32;1m(INFO)[0m [Producer.mosaic_0 ]20
[0m[1m[2023-10-11 15:41:05.797] [0m[32;1m(INFO)[0m [Producer.mosaic_0 ]21
[0m[1m[2023-10-11 15:41:05.798] [0m[32;1m(INFO)[0m [Producer.mosaic_0 ]22
[0m[1m[2023-10-11 15:41:05.798] [0m[32;1m(INFO)[0m [Producer.mosaic_0 ]23
[0m[1m[2023-10-11 15:41:05.798] [0m[32;1m(INFO)[0m [Producer.mosaic_0 ]24
[0m[1m[2023-10-11 15:41:05.798] [0m[32;1m(INFO)[0m [Producer.mosaic_0 ]25
[0m[1m[2023-10-11 15:41:05.798] [0m[32;1m(INFO)[0m [Producer.mosaic_0 ]26
[0m[1m[2023-10-11 15:41:05.798] [0m[32;1m(INFO)[0m [Producer.mosaic_0 ]27
[0m[1m[2023-10-11 15:41:05.798] [0m[32;1m(INFO)[0m [Producer.mosaic_0 ]28
[0m[1m[2023-10-11 15:41:05.798] [0m[32;1m(INFO)[0m [Producer.mosaic_0 ]29
[0m[1m[2023-10-11 15:41:05.798] [0m[32;1m(INFO)[0m [Producer.mosaic_0 ]30
[0m[1m[2023-10-11 15:41:05.799] [0m[32;1m(INFO)[0m [Producer.mosaic_0 ]31
[0m[1m[2023-10-11 15:41:05.799] [0m[32;1m(INFO)[0m [Producer.mosaic_0 ]32
[0m[1m[2023-10-11 15:41:05.799] [0m[32;1m(INFO)[0m [Producer.mosaic_0 ]33
[0m[1m[2023-10-11 15:41:05.799] [0m[32;1m(INFO)[0m [Producer.mosaic_0 ]34
[0m[1m[2023-10-11 15:41:05.799] [0m[32;1m(INFO)[0m [Producer.mosaic_0 ]35
[0m[1m[2023-10-11 15:41:05.799] [0m[32;1m(INFO)[0m [Producer.mosaic_0 ]36
[0m[1m[2023-10-11 15:41:05.799] [0m[32;1m(INFO)[0m [Producer.mosaic_0 ]37
[0m[1m[2023-10-11 15:41:05.799] [0m[32;1m(INFO)[0m [Producer.mosaic_0 ]38
[0m[1m[2023-10-11 15:41:05.799] [0m[32;1m(INFO)[0m [Producer.mosaic_0 ]39
[0m[1m[2023-10-11 15:41:05.800] [0m[32;1m(INFO)[0m [Producer.mosaic_0 ]40
[0m[1m[2023-10-11 15:41:05.800] [0m[32;1m(INFO)[0m [Producer.mosaic_0 ]41
[0m[1m[2023-10-11 15:41:05.800] [0m[32;1m(INFO)[0m [Producer.mosaic_0 ]42
[0m[1m[2023-10-11 15:41:05.800] [0m[32;1m(INFO)[0m [Producer.mosaic_0 ]43
[0m[1m[2023-10-11 15:41:05.800] [0m[32;1m(INFO)[0m [Producer.mosaic_0 ]44
[0m[1m[2023-10-11 15:41:05.800] [0m[32;1m(INFO)[0m [Producer.mosaic_0 ]45
[0m[1m[2023-10-11 15:41:05.800] [0m[32;1m(INFO)[0m [Producer.mosaic_0 ]46
[0m[1m[2023-10-11 15:41:05.800] [0m[32;1m(INFO)[0m [Producer.mosaic_0 ]47
[0m[1m[2023-10-11 15:41:05.801] [0m[32;1m(INFO)[0m [Producer.mosaic_0 ]48
[0m[1m[2023-10-11 15:41:05.801] [0m[32;1m(INFO)[0m [Producer.mosaic_0 ]49
[0m[1m[2023-10-11 15:41:05.801] [0m[32;1m(INFO)[0m [Producer.mosaic_0 ]50
[0m[1m[2023-10-11 15:41:05.801] [0m[32;1m(INFO)[0m [Producer.mosaic_0 ]51
[0m[1m[2023-10-11 15:41:05.801] [0m[32;1m(INFO)[0m [Producer.mosaic_0 ]52
[0m[1m[2023-10-11 15:41:05.801] [0m[32;1m(INFO)[0m [Producer.mosaic_0 ]53
[0m[1m[2023-10-11 15:41:05.801] [0m[32;1m(INFO)[0m [Producer.mosaic_0 ]54
[0m[1m[2023-10-11 15:41:05.801] [0m[32;1m(INFO)[0m [Producer.mosaic_0 ]55
[0m[1m[2023-10-11 15:41:05.801] [0m[32;1m(INFO)[0m [Producer.mosaic_0 ]56
[0m[1m[2023-10-11 15:41:05.802] [0m[32;1m(INFO)[0m [Producer.mosaic_0 ]57
[0m[1m[2023-10-11 15:41:05.802] [0m[32;1m(INFO)[0m [Producer.mosaic_0 ]58
[0m[1m[2023-10-11 15:41:05.802] [0m[32;1m(INFO)[0m [Producer.mosaic_0 ]59
[0m[1m[2023-10-11 15:41:05.802] [0m[32;1m(INFO)[0m [Producer.mosaic_0 ]60
[0m[1m[2023-10-11 15:41:05.802] [0m[32;1m(INFO)[0m [Producer.mosaic_0 ]61
[0m[1m[2023-10-11 15:41:05.802] [0m[32;1m(INFO)[0m [Producer.mosaic_0 ]62
[0m[1m[2023-10-11 15:41:05.802] [0m[32;1m(INFO)[0m [Producer.mosaic_0 ]63
[0m[1m[2023-10-11 15:41:05.802] [0m[32;1m(INFO)[0m [Producer.mosaic_0 ]64
[0m[1m[2023-10-11 15:41:05.802] [0m[32;1m(INFO)[0m [Producer.mosaic_0 ]65
[0m[1m[2023-10-11 15:41:05.803] [0m[32;1m(INFO)[0m [Producer.mosaic_0 ]66
[0m[1m[2023-10-11 15:41:05.803] [0m[32;1m(INFO)[0m [Producer.mosaic_0 ]67
[0m[1m[2023-10-11 15:41:05.803] [0m[32;1m(INFO)[0m [Producer.mosaic_0 ]68
[0m[1m[2023-10-11 15:41:05.803] [0m[32;1m(INFO)[0m [Producer.mosaic_0 ]69
[0m[1m[2023-10-11 15:41:05.803] [0m[32;1m(INFO)[0m [Producer.mosaic_0 ]70
[0m[1m[2023-10-11 15:41:05.803] [0m[32;1m(INFO)[0m [Producer.mosaic_0 ]71
[0m[1m[2023-10-11 15:41:05.803] [0m[32;1m(INFO)[0m [Producer.mosaic_0 ]72
[0m[1m[2023-10-11 15:41:05.803] [0m[32;1m(INFO)[0m [Producer.mosaic_0 ]73
[0m[1m[2023-10-11 15:41:05.804] [0m[32;1m(INFO)[0m [Producer.mosaic_0 ]74
[0m[1m[2023-10-11 15:41:05.804] [0m[32;1m(INFO)[0m [Producer.mosaic_0 ]75
[0m[1m[2023-10-11 15:41:05.804] [0m[32;1m(INFO)[0m [Producer.mosaic_0 ]76
[0m[1m[2023-10-11 15:41:05.804] [0m[32;1m(INFO)[0m [Producer.mosaic_0 ]77
[0m[1m[2023-10-11 15:41:05.804] [0m[32;1m(INFO)[0m [Producer.mosaic_0 ]78
[0m[1m[2023-10-11 15:41:05.804] [0m[32;1m(INFO)[0m [Producer.mosaic_0 ]79
[0m[1m[2023-10-11 15:41:05.804] [0m[32;1m(INFO)[0m [Producer.mosaic_0 ]80
[0m[1m[2023-10-11 15:41:05.804] [0m[32;1m(INFO)[0m [Producer.mosaic_0 ]81
[0m[1m[2023-10-11 15:41:05.804] [0m[32;1m(INFO)[0m [Producer.mosaic_0 ]82
[0m[1m[2023-10-11 15:41:05.805] [0m[32;1m(INFO)[0m [Producer.mosaic_0 ]83
[0m[1m[2023-10-11 15:41:05.805] [0m[32;1m(INFO)[0m [Producer.mosaic_0 ]84
[0m[1m[2023-10-11 15:41:05.805] [0m[32;1m(INFO)[0m [Producer.mosaic_0 ]85
[0m[1m[2023-10-11 15:41:05.805] [0m[32;1m(INFO)[0m [Producer.mosaic_0 ]86
[0m[1m[2023-10-11 15:41:05.805] [0m[32;1m(INFO)[0m [Producer.mosaic_0 ]87
[0m[1m[2023-10-11 15:41:05.805] [0m[32;1m(INFO)[0m [Producer.mosaic_0 ]88
[0m[1m[2023-10-11 15:41:05.805] [0m[32;1m(INFO)[0m [Producer.mosaic_0 ]89
[0m[1m[2023-10-11 15:41:05.805] [0m[32;1m(INFO)[0m [Producer.mosaic_0 ]90
[0m[1m[2023-10-11 15:41:05.805] [0m[32;1m(INFO)[0m [Producer.mosaic_0 ]91
[0m[1m[2023-10-11 15:41:05.806] [0m[32;1m(INFO)[0m [Producer.mosaic_0 ]92
[0m[1m[2023-10-11 15:41:05.806] [0m[32;1m(INFO)[0m [Producer.mosaic_0 ]93
[0m[1m[2023-10-11 15:41:05.806] [0m[32;1m(INFO)[0m [Producer.mosaic_0 ]94
[0m[1m[2023-10-11 15:41:05.806] [0m[32;1m(INFO)[0m [Producer.mosaic_0 ]95
[0m[1m[2023-10-11 15:41:05.806] [0m[32;1m(INFO)[0m [Producer.mosaic_0 ]96
[0m[1m[2023-10-11 15:41:05.806] [0m[32;1m(INFO)[0m [Producer.mosaic_0 ]97
[0m[1m[2023-10-11 15:41:05.806] [0m[32;1m(INFO)[0m [Producer.mosaic_0 ]98
[0m[1m[2023-10-11 15:41:05.806] [0m[32;1m(INFO)[0m [Producer.mosaic_0 ]99
[0m[1m[2023-10-11 15:41:05.807] [0m[32;1m(INFO)[0m [Producer.mosaic_0 ]100
[0m[1m[2023-10-11 15:41:05.807] [0m[32;1m(INFO)[0m [Producer.mosaic_0 ]101
[0m[1m[2023-10-11 15:41:05.807] [0m[32;1m(INFO)[0m [Producer.mosaic_0 ]102
[0m[1m[2023-10-11 15:41:05.807] [0m[32;1m(INFO)[0m [Producer.mosaic_0 ]103
[0m[1m[2023-10-11 15:41:05.807] [0m[32;1m(INFO)[0m [Producer.mosaic_0 ]104
[0m[1m[2023-10-11 15:41:05.807] [0m[32;1m(INFO)[0m [Producer.mosaic_0 ]105
[0m[1m[2023-10-11 15:41:05.807] [0m[32;1m(INFO)[0m [Producer.mosaic_0 ]106
[0m[1m[2023-10-11 15:41:05.807] [0m[32;1m(INFO)[0m [Producer.mosaic_0 ]107
[0m[1m[2023-10-11 15:41:05.807] [0m[32;1m(INFO)[0m [Producer.mosaic_0 ]108
[0m[1m[2023-10-11 15:41:05.808] [0m[32;1m(INFO)[0m [Producer.mosaic_0 ]109
[0m[1m[2023-10-11 15:41:05.808] [0m[32;1m(INFO)[0m [Producer.mosaic_0 ]110
[0m[1m[2023-10-11 15:41:05.808] [0m[32;1m(INFO)[0m [Producer.mosaic_0 ]111
[0m[1m[2023-10-11 15:41:05.808] [0m[32;1m(INFO)[0m [Producer.mosaic_0 ]112
[0m[1m[2023-10-11 15:41:05.808] [0m[32;1m(INFO)[0m [Producer.mosaic_0 ]113
[0m[1m[2023-10-11 15:41:05.808] [0m[32;1m(INFO)[0m [Producer.mosaic_0 ]114
[0m[1m[2023-10-11 15:41:05.808] [0m[32;1m(INFO)[0m [Producer.mosaic_0 ]115
[0m[1m[2023-10-11 15:41:05.808] [0m[32;1m(INFO)[0m [Producer.mosaic_0 ]116
[0m[1m[2023-10-11 15:41:05.808] [0m[32;1m(INFO)[0m [Producer.mosaic_0 ]117
[0m[1m[2023-10-11 15:41:05.809] [0m[32;1m(INFO)[0m [Producer.mosaic_0 ]118
[0m[1m[2023-10-11 15:41:05.809] [0m[32;1m(INFO)[0m [Producer.mosaic_0 ]119
[0m[1m[2023-10-11 15:41:05.809] [0m[32;1m(INFO)[0m [Producer.mosaic_0 ]120
[0m[1m[2023-10-11 15:41:05.809] [0m[32;1m(INFO)[0m [Producer.mosaic_0 ]121
[0m[1m[2023-10-11 15:41:05.809] [0m[32;1m(INFO)[0m [Producer.mosaic_0 ]122
[0m[1m[2023-10-11 15:41:05.809] [0m[32;1m(INFO)[0m [Producer.mosaic_0 ]123
[0m[1m[2023-10-11 15:41:05.809] [0m[32;1m(INFO)[0m [Producer.mosaic_0 ]124
[0m[1m[2023-10-11 15:41:05.809] [0m[32;1m(INFO)[0m [Producer.mosaic_0 ]125
[0m[1m[2023-10-11 15:41:05.809] [0m[32;1m(INFO)[0m [Producer.mosaic_0 ]126
[0m[1m[2023-10-11 15:41:05.810] [0m[32;1m(INFO)[0m [Producer.mosaic_0 ]127
[0m[1m[2023-10-11 15:41:05.810] [0m[32;1m(INFO)[0m [Producer.mosaic_0 ]128
[0m[1m[2023-10-11 15:41:05.810] [0m[32;1m(INFO)[0m [Producer.mosaic_0 ]129
[0m[1m[2023-10-11 15:41:05.810] [0m[32;1m(INFO)[0m [Producer.mosaic_0 ]130
[0m[1m[2023-10-11 15:41:05.810] [0m[32;1m(INFO)[0m [Producer.mosaic_0 ]131
[0m[1m[2023-10-11 15:41:05.810] [0m[32;1m(INFO)[0m [Producer.mosaic_0 ]132
[0m[1m[2023-10-11 15:41:05.810] [0m[32;1m(INFO)[0m [Producer.mosaic_0 ]133
[0m[1m[2023-10-11 15:41:05.810] [0m[32;1m(INFO)[0m [Producer.mosaic_0 ]134
[0m[1m[2023-10-11 15:41:05.810] [0m[32;1m(INFO)[0m [Producer.mosaic_0 ]135
[0m[1m[2023-10-11 15:41:05.811] [0m[32;1m(INFO)[0m [Producer.mosaic_0 ]136
[0m[1m[2023-10-11 15:41:05.811] [0m[32;1m(INFO)[0m [Producer.mosaic_0 ]137
[0m[1m[2023-10-11 15:41:05.811] [0m[32;1m(INFO)[0m [Producer.mosaic_0 ]138
[0m[1m[2023-10-11 15:41:05.811] [0m[32;1m(INFO)[0m [Producer.mosaic_0 ]139
[0m[1m[2023-10-11 15:41:05.811] [0m[32;1m(INFO)[0m [Producer.mosaic_0 ]140
[0m[1m[2023-10-11 15:41:05.811] [0m[32;1m(INFO)[0m [Producer.mosaic_0 ]141
[0m[1m[2023-10-11 15:41:05.811] [0m[32;1m(INFO)[0m [Producer.mosaic_0 ]142
[0m[1m[2023-10-11 15:41:05.811] [0m[32;1m(INFO)[0m [Producer.mosaic_0 ]143
[0m[1m[2023-10-11 15:41:05.811] [0m[32;1m(INFO)[0m [Producer.mosaic_0 ]144
[0m[1m[2023-10-11 15:41:05.812] [0m[32;1m(INFO)[0m [Producer.mosaic_0 ]145
[0m[1m[2023-10-11 15:41:05.812] [0m[32;1m(INFO)[0m [Producer.mosaic_0 ]146
[0m[1m[2023-10-11 15:41:05.812] [0m[32;1m(INFO)[0m [Producer.mosaic_0 ]147
[0m[1m[2023-10-11 15:41:05.812] [0m[32;1m(INFO)[0m [Producer.mosaic_0 ]148
[0m[1m[2023-10-11 15:41:05.812] [0m[32;1m(INFO)[0m [Producer.mosaic_0 ]149
[0m[1m[2023-10-11 15:41:05.812] [0m[32;1m(INFO)[0m [Producer.mosaic_0 ]150
[0m[1m[2023-10-11 15:41:05.812] [0m[32;1m(INFO)[0m [Producer.mosaic_0 ]151
[0m[1m[2023-10-11 15:41:05.812] [0m[32;1m(INFO)[0m [Producer.mosaic_0 ]152
[0m[1m[2023-10-11 15:41:05.812] [0m[32;1m(INFO)[0m [Producer.mosaic_0 ]153
[0m[1m[2023-10-11 15:41:05.813] [0m[32;1m(INFO)[0m [Producer.mosaic_0 ]154
[0m[1m[2023-10-11 15:41:05.813] [0m[32;1m(INFO)[0m [Producer.mosaic_0 ]155
[0m[1m[2023-10-11 15:41:05.813] [0m[32;1m(INFO)[0m [Producer.mosaic_0 ]156
[0m[1m[2023-10-11 15:41:05.813] [0m[32;1m(INFO)[0m [Producer.mosaic_0 ]157
[0m[1m[2023-10-11 15:41:05.813] [0m[32;1m(INFO)[0m [Producer.mosaic_0 ]158
[0m[1m[2023-10-11 15:41:05.813] [0m[32;1m(INFO)[0m [Producer.mosaic_0 ]159
[0m[1m[2023-10-11 15:41:05.813] [0m[32;1m(INFO)[0m [Producer.mosaic_0 ]160
[0m[1m[2023-10-11 15:41:05.813] [0m[32;1m(INFO)[0m [Producer.mosaic_0 ]161
[0m[1m[2023-10-11 15:41:05.813] [0m[32;1m(INFO)[0m [Producer.mosaic_0 ]162
[0m[1m[2023-10-11 15:41:05.813] [0m[32;1m(INFO)[0m [Producer.mosaic_0 ]163
[0m[1m[2023-10-11 15:41:05.814] [0m[32;1m(INFO)[0m [Producer.mosaic_0 ]164
[0m[1m[2023-10-11 15:41:05.814] [0m[32;1m(INFO)[0m [Producer.mosaic_0 ]165
[0m[1m[2023-10-11 15:41:05.814] [0m[32;1m(INFO)[0m [Producer.mosaic_0 ]166
[0m[1m[2023-10-11 15:41:05.814] [0m[32;1m(INFO)[0m [Producer.mosaic_0 ]167
[0m[1m[2023-10-11 15:41:05.814] [0m[32;1m(INFO)[0m [Producer.mosaic_0 ]168
[0m[1m[2023-10-11 15:41:05.814] [0m[32;1m(INFO)[0m [Producer.mosaic_0 ]169
[0m[1m[2023-10-11 15:41:05.814] [0m[32;1m(INFO)[0m [Producer.mosaic_0 ]170
[0m[1m[2023-10-11 15:41:05.814] [0m[32;1m(INFO)[0m [Producer.mosaic_0 ]171
[0m[1m[2023-10-11 15:41:05.814] [0m[32;1m(INFO)[0m [Producer.mosaic_0 ]172
[0m[1m[2023-10-11 15:41:05.814] [0m[32;1m(INFO)[0m [Producer.mosaic_0 ]173
[0m[1m[2023-10-11 15:41:05.815] [0m[32;1m(INFO)[0m [Producer.mosaic_0 ]174
[0m[1m[2023-10-11 15:41:05.815] [0m[32;1m(INFO)[0m [Producer.mosaic_0 ]175
[0m[1m[2023-10-11 15:41:05.815] [0m[32;1m(INFO)[0m [Producer.mosaic_0 ]176
[0m[1m[2023-10-11 15:41:05.815] [0m[32;1m(INFO)[0m [Producer.mosaic_0 ]177
[0m[1m[2023-10-11 15:41:05.815] [0m[32;1m(INFO)[0m [Producer.mosaic_0 ]178
[0m[1m[2023-10-11 15:41:05.815] [0m[32;1m(INFO)[0m [Producer.mosaic_0 ]179
[0m[1m[2023-10-11 15:41:05.815] [0m[32;1m(INFO)[0m [Producer.mosaic_0 ]180
[0m[1m[2023-10-11 15:41:05.815] [0m[32;1m(INFO)[0m [Producer.mosaic_0 ]181
[0m[1m[2023-10-11 15:41:05.815] [0m[32;1m(INFO)[0m [Producer.mosaic_0 ]182
[0m[1m[2023-10-11 15:41:05.816] [0m[32;1m(INFO)[0m [Producer.mosaic_0 ]183
[0m[1m[2023-10-11 15:41:05.816] [0m[32;1m(INFO)[0m [Producer.mosaic_0 ]184
[0m[1m[2023-10-11 15:41:05.816] [0m[32;1m(INFO)[0m [Producer.mosaic_0 ]185
[0m[1m[2023-10-11 15:41:05.816] [0m[32;1m(INFO)[0m [Producer.mosaic_0 ]186
[0m[1m[2023-10-11 15:41:05.816] [0m[32;1m(INFO)[0m [Producer.mosaic_0 ]187
[0m[1m[2023-10-11 15:41:05.816] [0m[32;1m(INFO)[0m [Producer.mosaic_0 ]188
[0m[1m[2023-10-11 15:41:05.816] [0m[32;1m(INFO)[0m [Producer.mosaic_0 ]189
[0m[1m[2023-10-11 15:41:05.816] [0m[32;1m(INFO)[0m [Producer.mosaic_0 ]190
[0m[1m[2023-10-11 15:41:05.816] [0m[32;1m(INFO)[0m [Producer.mosaic_0 ]191
[0m[1m[2023-10-11 15:41:05.816] [0m[32;1m(INFO)[0m [Producer.mosaic_0 ]192
[0m[1m[2023-10-11 15:41:05.816] [0m[32;1m(INFO)[0m [Producer.mosaic_0 ]193
[0m[1m[2023-10-11 15:41:05.817] [0m[32;1m(INFO)[0m [Producer.mosaic_0 ]194
[0m[1m[2023-10-11 15:41:05.817] [0m[32;1m(INFO)[0m [Producer.mosaic_0 ]195
[0m[1m[2023-10-11 15:41:05.817] [0m[32;1m(INFO)[0m [Producer.mosaic_0 ]196
[0m[1m[2023-10-11 15:41:05.817] [0m[32;1m(INFO)[0m [Producer.mosaic_0 ]197
[0m[1m[2023-10-11 15:41:05.817] [0m[32;1m(INFO)[0m [Producer.mosaic_0 ]198
[0m[1m[2023-10-11 15:41:05.817] [0m[32;1m(INFO)[0m [Producer.mosaic_0 ]199
[0m[1m[2023-10-11 15:41:05.817] [0m[32;1m(INFO)[0m [Producer.mosaic_0 ]200
[0m[1m[2023-10-11 15:41:05.817] [0m[32;1m(INFO)[0m [Producer.mosaic_0 ]201
[0m[1m[2023-10-11 15:41:05.817] [0m[32;1m(INFO)[0m [Producer.mosaic_0 ]202
[0m[1m[2023-10-11 15:41:05.818] [0m[32;1m(INFO)[0m [Producer.mosaic_0 ]203
[0m[1m[2023-10-11 15:41:05.818] [0m[32;1m(INFO)[0m [Producer.mosaic_0 ]204
[0m[1m[2023-10-11 15:41:05.818] [0m[32;1m(INFO)[0m [Producer.mosaic_0 ]205
[0m[1m[2023-10-11 15:41:05.818] [0m[32;1m(INFO)[0m [Producer.mosaic_0 ]206
[0m[1m[2023-10-11 15:41:05.818] [0m[32;1m(INFO)[0m [Producer.mosaic_0 ]207
[0m[1m[2023-10-11 15:41:05.818] [0m[32;1m(INFO)[0m [Producer.mosaic_0 ]208
[0m[1m[2023-10-11 15:41:05.818] [0m[32;1m(INFO)[0m [Producer.mosaic_0 ]209
[0m[1m[2023-10-11 15:41:05.818] [0m[32;1m(INFO)[0m [Producer.mosaic_0 ]210
[0m[1m[2023-10-11 15:41:05.818] [0m[32;1m(INFO)[0m [Producer.mosaic_0 ]211
[0m[1m[2023-10-11 15:41:05.818] [0m[32;1m(INFO)[0m [Producer.mosaic_0 ]212
[0m[1m[2023-10-11 15:41:05.819] [0m[32;1m(INFO)[0m [Producer.mosaic_0 ]213
[0m[1m[2023-10-11 15:41:05.819] [0m[32;1m(INFO)[0m [Producer.mosaic_0 ]214
[0m[1m[2023-10-11 15:41:05.819] [0m[32;1m(INFO)[0m [Producer.mosaic_0 ]215
[0m[1m[2023-10-11 15:41:05.819] [0m[32;1m(INFO)[0m [Producer.mosaic_0 ]216
[0m[1m[2023-10-11 15:41:05.819] [0m[32;1m(INFO)[0m [Producer.mosaic_0 ]217
[0m[1m[2023-10-11 15:41:05.819] [0m[32;1m(INFO)[0m [Producer.mosaic_0 ]218
[0m[1m[2023-10-11 15:41:05.819] [0m[32;1m(INFO)[0m [Producer.mosaic_0 ]219
[0m[1m[2023-10-11 15:41:05.819] [0m[32;1m(INFO)[0m [Producer.mosaic_0 ]220
[0m[1m[2023-10-11 15:41:05.819] [0m[32;1m(INFO)[0m [Producer.mosaic_0 ]221
[0m[1m[2023-10-11 15:41:05.819] [0m[32;1m(INFO)[0m [Producer.mosaic_0 ]222
[0m[1m[2023-10-11 15:41:05.820] [0m[32;1m(INFO)[0m [Producer.mosaic_0 ]223
[0m[1m[2023-10-11 15:41:05.820] [0m[32;1m(INFO)[0m [Producer.mosaic_0 ]224
[0m[1m[2023-10-11 15:41:05.820] [0m[32;1m(INFO)[0m [Producer.mosaic_0 ]225
[0m[1m[2023-10-11 15:41:05.820] [0m[32;1m(INFO)[0m [Producer.mosaic_0 ]226
[0m[1m[2023-10-11 15:41:05.820] [0m[32;1m(INFO)[0m [Producer.mosaic_0 ]227
[0m[1m[2023-10-11 15:41:05.820] [0m[32;1m(INFO)[0m [Producer.mosaic_0 ]228
[0m[1m[2023-10-11 15:41:05.820] [0m[32;1m(INFO)[0m [Producer.mosaic_0 ]229
[0m[1m[2023-10-11 15:41:05.820] [0m[32;1m(INFO)[0m [Producer.mosaic_0 ]230
[0m[1m[2023-10-11 15:41:05.820] [0m[32;1m(INFO)[0m [Producer.mosaic_0 ]231
[0m[1m[2023-10-11 15:41:05.821] [0m[32;1m(INFO)[0m [Producer.mosaic_0 ]232
[0m[1m[2023-10-11 15:41:05.821] [0m[32;1m(INFO)[0m [Producer.mosaic_0 ]233
[0m[1m[2023-10-11 15:41:05.821] [0m[32;1m(INFO)[0m [Producer.mosaic_0 ]234
[0m[1m[2023-10-11 15:41:05.821] [0m[32;1m(INFO)[0m [Producer.mosaic_0 ]235
[0m[1m[2023-10-11 15:41:05.821] [0m[32;1m(INFO)[0m [Producer.mosaic_0 ]236
[0m[1m[2023-10-11 15:41:05.821] [0m[32;1m(INFO)[0m [Producer.mosaic_0 ]237
[0m[1m[2023-10-11 15:41:05.821] [0m[32;1m(INFO)[0m [Producer.mosaic_0 ]238
[0m[1m[2023-10-11 15:41:05.821] [0m[32;1m(INFO)[0m [Producer.mosaic_0 ]239
[0m[1m[2023-10-11 15:41:05.821] [0m[32;1m(INFO)[0m [Producer.mosaic_0 ]240
[0m[1m[2023-10-11 15:41:05.821] [0m[32;1m(INFO)[0m [Producer.mosaic_0 ]241
[0m[1m[2023-10-11 15:41:05.822] [0m[32;1m(INFO)[0m [Producer.mosaic_0 ]242
[0m[1m[2023-10-11 15:41:05.822] [0m[32;1m(INFO)[0m [Producer.mosaic_0 ]243
[0m[1m[2023-10-11 15:41:05.822] [0m[32;1m(INFO)[0m [Producer.mosaic_0 ]244
[0m[1m[2023-10-11 15:41:05.822] [0m[32;1m(INFO)[0m [Producer.mosaic_0 ]245
[0m[1m[2023-10-11 15:41:05.822] [0m[32;1m(INFO)[0m [Producer.mosaic_0 ]246
[0m[1m[2023-10-11 15:41:05.822] [0m[32;1m(INFO)[0m [Producer.mosaic_0 ]247
[0m[1m[2023-10-11 15:41:05.822] [0m[32;1m(INFO)[0m [Producer.mosaic_0 ]248
[0m[1m[2023-10-11 15:41:05.822] [0m[32;1m(INFO)[0m [Producer.mosaic_0 ]249
[0m[1m[2023-10-11 15:41:05.822] [0m[32;1m(INFO)[0m [Producer.mosaic_0 ]250
[0m[1m[2023-10-11 15:41:05.822] [0m[32;1m(INFO)[0m [Producer.mosaic_0 ]251
[0m[1m[2023-10-11 15:41:05.822] [0m[32;1m(INFO)[0m [Producer.mosaic_0 ]252
[0m[1m[2023-10-11 15:41:05.823] [0m[32;1m(INFO)[0m [Producer.mosaic_0 ]253
[0m[1m[2023-10-11 15:41:05.823] [0m[32;1m(INFO)[0m [Producer.mosaic_0 ]254
[0m[1m[2023-10-11 15:41:05.823] [0m[32;1m(INFO)[0m [Producer.mosaic_0 ]255
[0m[1m[2023-10-11 15:41:05.823] [0m[32;1m(INFO)[0m [Producer.mosaic_0 ]256
[0m[1m[2023-10-11 15:41:05.823] [0m[32;1m(INFO)[0m [Producer.mosaic_0 ]257
[0m[1m[2023-10-11 15:41:05.823] [0m[32;1m(INFO)[0m [Producer.mosaic_0 ]258
[0m[1m[2023-10-11 15:41:05.823] [0m[32;1m(INFO)[0m [Producer.mosaic_0 ]259
[0m[1m[2023-10-11 15:41:05.823] [0m[32;1m(INFO)[0m [Producer.mosaic_0 ]260
[0m[1m[2023-10-11 15:41:05.823] [0m[32;1m(INFO)[0m [Producer.mosaic_0 ]261
[0m[1m[2023-10-11 15:41:05.824] [0m[32;1m(INFO)[0m [Producer.mosaic_0 ]262
[0m[1m[2023-10-11 15:41:05.824] [0m[32;1m(INFO)[0m [Producer.mosaic_0 ]263
[0m[1m[2023-10-11 15:41:05.824] [0m[32;1m(INFO)[0m [Producer.mosaic_0 ]264
[0m[1m[2023-10-11 15:41:05.824] [0m[32;1m(INFO)[0m [Producer.mosaic_0 ]265
[0m[1m[2023-10-11 15:41:05.824] [0m[32;1m(INFO)[0m [Producer.mosaic_0 ]266
[0m[1m[2023-10-11 15:41:05.824] [0m[32;1m(INFO)[0m [Producer.mosaic_0 ]267
[0m[1m[2023-10-11 15:41:05.824] [0m[32;1m(INFO)[0m [Producer.mosaic_0 ]268
[0m[1m[2023-10-11 15:41:05.824] [0m[32;1m(INFO)[0m [Producer.mosaic_0 ]269
[0m[1m[2023-10-11 15:41:05.824] [0m[32;1m(INFO)[0m [Producer.mosaic_0 ]270
[0m[1m[2023-10-11 15:41:05.824] [0m[32;1m(INFO)[0m [Producer.mosaic_0 ]271
[0m[1m[2023-10-11 15:41:05.825] [0m[32;1m(INFO)[0m [Producer.mosaic_0 ]272
[0m[1m[2023-10-11 15:41:05.825] [0m[32;1m(INFO)[0m [Producer.mosaic_0 ]273
[0m[1m[2023-10-11 15:41:05.825] [0m[32;1m(INFO)[0m [Producer.mosaic_0 ]274
[0m[1m[2023-10-11 15:41:05.825] [0m[32;1m(INFO)[0m [Producer.mosaic_0 ]275
[0m[1m[2023-10-11 15:41:05.825] [0m[32;1m(INFO)[0m [Producer.mosaic_0 ]276
[0m[1m[2023-10-11 15:41:05.825] [0m[32;1m(INFO)[0m [Producer.mosaic_0 ]277
[0m[1m[2023-10-11 15:41:05.825] [0m[32;1m(INFO)[0m [Producer.mosaic_0 ]278
[0m[1m[2023-10-11 15:41:05.825] [0m[32;1m(INFO)[0m [Producer.mosaic_0 ]279
[0m[1m[2023-10-11 15:41:05.825] [0m[32;1m(INFO)[0m [Producer.mosaic_0 ]280
[0m[1m[2023-10-11 15:41:05.825] [0m[32;1m(INFO)[0m [Producer.mosaic_0 ]281
[0m[1m[2023-10-11 15:41:05.826] [0m[32;1m(INFO)[0m [Producer.mosaic_0 ]282
[0m[1m[2023-10-11 15:41:05.826] [0m[32;1m(INFO)[0m [Producer.mosaic_0 ]283
[0m[1m[2023-10-11 15:41:05.826] [0m[32;1m(INFO)[0m [Producer.mosaic_0 ]284
[0m[1m[2023-10-11 15:41:05.826] [0m[32;1m(INFO)[0m [Producer.mosaic_0 ]285
[0m[1m[2023-10-11 15:41:05.826] [0m[32;1m(INFO)[0m [Producer.mosaic_0 ]286
[0m[1m[2023-10-11 15:41:05.826] [0m[32;1m(INFO)[0m [Producer.mosaic_0 ]287
[0m[1m[2023-10-11 15:41:05.826] [0m[32;1m(INFO)[0m [Producer.mosaic_0 ]288
[0m[1m[2023-10-11 15:41:05.826] [0m[32;1m(INFO)[0m [Producer.mosaic_0 ]289
[0m[1m[2023-10-11 15:41:05.826] [0m[32;1m(INFO)[0m [Producer.mosaic_0 ]290
[0m[1m[2023-10-11 15:41:05.826] [0m[32;1m(INFO)[0m [Producer.mosaic_0 ]291
[0m[1m[2023-10-11 15:41:05.827] [0m[32;1m(INFO)[0m [Producer.mosaic_0 ]292
[0m[1m[2023-10-11 15:41:05.827] [0m[32;1m(INFO)[0m [Producer.mosaic_0 ]293
[0m[1m[2023-10-11 15:41:05.827] [0m[32;1m(INFO)[0m [Producer.mosaic_0 ]294
[0m[1m[2023-10-11 15:41:05.827] [0m[32;1m(INFO)[0m [Producer.mosaic_0 ]295
[0m[1m[2023-10-11 15:41:05.827] [0m[32;1m(INFO)[0m [Producer.mosaic_0 ]296
[0m[1m[2023-10-11 15:41:05.827] [0m[32;1m(INFO)[0m [Producer.mosaic_0 ]297
[0m[1m[2023-10-11 15:41:05.827] [0m[32;1m(INFO)[0m [Producer.mosaic_0 ]298
[0m[1m[2023-10-11 15:41:05.827] [0m[32;1m(INFO)[0m [Producer.mosaic_0 ]299
[0m[1m[2023-10-11 15:41:05.827] [0m[32;1m(INFO)[0m [Producer.mosaic_0 ]300
[0m[1m[2023-10-11 15:41:05.828] [0m[32;1m(INFO)[0m [Producer.mosaic_0 ]301
[0m[1m[2023-10-11 15:41:05.828] [0m[32;1m(INFO)[0m [Producer.mosaic_0 ]302
[0m[1m[2023-10-11 15:41:05.828] [0m[32;1m(INFO)[0m [Producer.mosaic_0 ]303
[0m[1m[2023-10-11 15:41:05.828] [0m[32;1m(INFO)[0m [Producer.mosaic_0 ]304
[0m[1m[2023-10-11 15:41:05.828] [0m[32;1m(INFO)[0m [Producer.mosaic_0 ]305
[0m[1m[2023-10-11 15:41:05.828] [0m[32;1m(INFO)[0m [Producer.mosaic_0 ]306
[0m[1m[2023-10-11 15:41:05.828] [0m[32;1m(INFO)[0m [Producer.mosaic_0 ]307
[0m[1m[2023-10-11 15:41:05.828] [0m[32;1m(INFO)[0m [Producer.mosaic_0 ]308
[0m[1m[2023-10-11 15:41:05.828] [0m[32;1m(INFO)[0m [Producer.mosaic_0 ]309
[0m[1m[2023-10-11 15:41:05.829] [0m[32;1m(INFO)[0m [Producer.mosaic_0 ]310
[0m[1m[2023-10-11 15:41:05.829] [0m[32;1m(INFO)[0m [Producer.mosaic_0 ]311
[0m[1m[2023-10-11 15:41:05.829] [0m[32;1m(INFO)[0m [Producer.mosaic_0 ]312
[0m[1m[2023-10-11 15:41:05.829] [0m[32;1m(INFO)[0m [Producer.mosaic_0 ]313
[0m[1m[2023-10-11 15:41:05.829] [0m[32;1m(INFO)[0m [Producer.mosaic_0 ]314
[0m[1m[2023-10-11 15:41:05.829] [0m[32;1m(INFO)[0m [Producer.mosaic_0 ]315
[0m[1m[2023-10-11 15:41:05.829] [0m[32;1m(INFO)[0m [Producer.mosaic_0 ]316
[0m[1m[2023-10-11 15:41:05.829] [0m[32;1m(INFO)[0m [Producer.mosaic_0 ]317
[0m[1m[2023-10-11 15:41:05.830] [0m[32;1m(INFO)[0m [Producer.mosaic_0 ]318
[0m[1m[2023-10-11 15:41:05.830] [0m[32;1m(INFO)[0m [Producer.mosaic_0 ]319
[0m[1m[2023-10-11 15:41:05.830] [0m[32;1m(INFO)[0m [Producer.mosaic_0 ]320
[0m[1m[2023-10-11 15:41:05.830] [0m[32;1m(INFO)[0m [Producer.mosaic_0 ]321
[0m[1m[2023-10-11 15:41:05.830] [0m[32;1m(INFO)[0m [Producer.mosaic_0 ]322
[0m[1m[2023-10-11 15:41:05.830] [0m[32;1m(INFO)[0m [Producer.mosaic_0 ]323
[0m[1m[2023-10-11 15:41:05.830] [0m[32;1m(INFO)[0m [Producer.mosaic_0 ]324
[0m[1m[2023-10-11 15:41:05.830] [0m[32;1m(INFO)[0m [Producer.mosaic_0 ]325
[0m[1m[2023-10-11 15:41:05.830] [0m[32;1m(INFO)[0m [Producer.mosaic_0 ]326
[0m[1m[2023-10-11 15:41:05.831] [0m[32;1m(INFO)[0m [Producer.mosaic_0 ]327
[0m[1m[2023-10-11 15:41:05.831] [0m[32;1m(INFO)[0m [Producer.mosaic_0 ]328
[0m[1m[2023-10-11 15:41:05.831] [0m[32;1m(INFO)[0m [Producer.mosaic_0 ]329
[0m[1m[2023-10-11 15:41:05.831] [0m[32;1m(INFO)[0m [Producer.mosaic_0 ]330
[0m[1m[2023-10-11 15:41:05.831] [0m[32;1m(INFO)[0m [Producer.mosaic_0 ]331
[0m[1m[2023-10-11 15:41:05.831] [0m[32;1m(INFO)[0m [Producer.mosaic_0 ]332
[0m[1m[2023-10-11 15:41:05.831] [0m[32;1m(INFO)[0m [Producer.mosaic_0 ]333
[0m[1m[2023-10-11 15:41:05.831] [0m[32;1m(INFO)[0m [Producer.mosaic_0 ]334
[0m[1m[2023-10-11 15:41:05.831] [0m[32;1m(INFO)[0m [Producer.mosaic_0 ]335
[0m[1m[2023-10-11 15:41:05.832] [0m[32;1m(INFO)[0m [Producer.mosaic_0 ]336
[0m[1m[2023-10-11 15:41:05.832] [0m[32;1m(INFO)[0m [Producer.mosaic_0 ]337
[0m[1m[2023-10-11 15:41:05.832] [0m[32;1m(INFO)[0m [Producer.mosaic_0 ]338
[0m[1m[2023-10-11 15:41:05.832] [0m[32;1m(INFO)[0m [Producer.mosaic_0 ]339
[0m[1m[2023-10-11 15:41:05.832] [0m[32;1m(INFO)[0m [Producer.mosaic_0 ]340
[0m[1m[2023-10-11 15:41:05.832] [0m[32;1m(INFO)[0m [Producer.mosaic_0 ]341
[0m[1m[2023-10-11 15:41:05.832] [0m[32;1m(INFO)[0m [Producer.mosaic_0 ]342
[0m[1m[2023-10-11 15:41:05.832] [0m[32;1m(INFO)[0m [Producer.mosaic_0 ]343
[0m[1m[2023-10-11 15:41:05.833] [0m[32;1m(INFO)[0m [Producer.mosaic_0 ]344
[0m[1m[2023-10-11 15:41:05.833] [0m[32;1m(INFO)[0m [Producer.mosaic_0 ]345
[0m[1m[2023-10-11 15:41:05.833] [0m[32;1m(INFO)[0m [Producer.mosaic_0 ]346
[0m[1m[2023-10-11 15:41:05.833] [0m[32;1m(INFO)[0m [Producer.mosaic_0 ]347
[0m[1m[2023-10-11 15:41:05.833] [0m[32;1m(INFO)[0m [Producer.mosaic_0 ]348
[0m[1m[2023-10-11 15:41:05.833] [0m[32;1m(INFO)[0m [Producer.mosaic_0 ]349
[0m[1m[2023-10-11 15:41:05.833] [0m[32;1m(INFO)[0m [Producer.mosaic_0 ]350
[0m[1m[2023-10-11 15:41:05.833] [0m[32;1m(INFO)[0m [Producer.mosaic_0 ]351
[0m[1m[2023-10-11 15:41:05.833] [0m[32;1m(INFO)[0m [Producer.mosaic_0 ]352
[0m[1m[2023-10-11 15:41:05.834] [0m[32;1m(INFO)[0m [Producer.mosaic_0 ]353
[0m[1m[2023-10-11 15:41:05.834] [0m[32;1m(INFO)[0m [Producer.mosaic_0 ]354
[0m[1m[2023-10-11 15:41:05.834] [0m[32;1m(INFO)[0m [Producer.mosaic_0 ]355
[0m[1m[2023-10-11 15:41:05.834] [0m[32;1m(INFO)[0m [Producer.mosaic_0 ]356
[0m[1m[2023-10-11 15:41:05.834] [0m[32;1m(INFO)[0m [Producer.mosaic_0 ]357
[0m[1m[2023-10-11 15:41:05.834] [0m[32;1m(INFO)[0m [Producer.mosaic_0 ]358
[0m[1m[2023-10-11 15:41:05.834] [0m[32;1m(INFO)[0m [Producer.mosaic_0 ]359
[0m[1m[2023-10-11 15:41:05.834] [0m[32;1m(INFO)[0m [Producer.mosaic_0 ]360
[0m[1m[2023-10-11 15:41:05.834] [0m[32;1m(INFO)[0m [Producer.mosaic_0 ]361
[0m[1m[2023-10-11 15:41:05.835] [0m[32;1m(INFO)[0m [Producer.mosaic_0 ]362
[0m[1m[2023-10-11 15:41:05.835] [0m[32;1m(INFO)[0m [Producer.mosaic_0 ]363
[0m[1m[2023-10-11 15:41:05.835] [0m[32;1m(INFO)[0m [Producer.mosaic_0 ]364
[0m[1m[2023-10-11 15:41:05.835] [0m[32;1m(INFO)[0m [Producer.mosaic_0 ]365
[0m[1m[2023-10-11 15:41:05.835] [0m[32;1m(INFO)[0m [Producer.mosaic_0 ]366
[0m[1m[2023-10-11 15:41:05.835] [0m[32;1m(INFO)[0m [Producer.mosaic_0 ]367
[0m[1m[2023-10-11 15:41:05.835] [0m[32;1m(INFO)[0m [Producer.mosaic_0 ]368
[0m[1m[2023-10-11 15:41:05.835] [0m[32;1m(INFO)[0m [Producer.mosaic_0 ]369
[0m[1m[2023-10-11 15:41:05.835] [0m[32;1m(INFO)[0m [Producer.mosaic_0 ]370
[0m[1m[2023-10-11 15:41:05.836] [0m[32;1m(INFO)[0m [Producer.mosaic_0 ]371
[0m[1m[2023-10-11 15:41:05.836] [0m[32;1m(INFO)[0m [Producer.mosaic_0 ]372
[0m[1m[2023-10-11 15:41:05.836] [0m[32;1m(INFO)[0m [Producer.mosaic_0 ]373
[0m[1m[2023-10-11 15:41:05.836] [0m[32;1m(INFO)[0m [Producer.mosaic_0 ]374
[0m[1m[2023-10-11 15:41:05.836] [0m[32;1m(INFO)[0m [Producer.mosaic_0 ]375
[0m[1m[2023-10-11 15:41:05.836] [0m[32;1m(INFO)[0m [Producer.mosaic_0 ]376
[0m[1m[2023-10-11 15:41:05.836] [0m[32;1m(INFO)[0m [Producer.mosaic_0 ]377
[0m[1m[2023-10-11 15:41:05.836] [0m[32;1m(INFO)[0m [Producer.mosaic_0 ]378
[0m[1m[2023-10-11 15:41:05.837] [0m[32;1m(INFO)[0m [Producer.mosaic_0 ]379
[0m[1m[2023-10-11 15:41:05.837] [0m[32;1m(INFO)[0m [Producer.mosaic_0 ]380
[0m[1m[2023-10-11 15:41:05.837] [0m[32;1m(INFO)[0m [Producer.mosaic_0 ]381
[0m[1m[2023-10-11 15:41:05.837] [0m[32;1m(INFO)[0m [Producer.mosaic_0 ]382
[0m[1m[2023-10-11 15:41:05.837] [0m[32;1m(INFO)[0m [Producer.mosaic_0 ]383
[0m[1m[2023-10-11 15:41:05.837] [0m[32;1m(INFO)[0m [Producer.mosaic_0 ]384
[0m[1m[2023-10-11 15:41:05.837] [0m[32;1m(INFO)[0m [Producer.mosaic_0 ]385
[0m[1m[2023-10-11 15:41:05.837] [0m[32;1m(INFO)[0m [Producer.mosaic_0 ]386
[0m[1m[2023-10-11 15:41:05.837] [0m[32;1m(INFO)[0m [Producer.mosaic_0 ]387
[0m[1m[2023-10-11 15:41:05.837] [0m[32;1m(INFO)[0m [Producer.mosaic_0 ]388
[0m[1m[2023-10-11 15:41:05.838] [0m[32;1m(INFO)[0m [Producer.mosaic_0 ]389
[0m[1m[2023-10-11 15:41:05.838] [0m[32;1m(INFO)[0m [Producer.mosaic_0 ]390
[0m[1m[2023-10-11 15:41:05.838] [0m[32;1m(INFO)[0m [Producer.mosaic_0 ]391
[0m[1m[2023-10-11 15:41:05.838] [0m[32;1m(INFO)[0m [Producer.mosaic_0 ]392
[0m[1m[2023-10-11 15:41:05.838] [0m[32;1m(INFO)[0m [Producer.mosaic_0 ]393
[0m[1m[2023-10-11 15:41:05.838] [0m[32;1m(INFO)[0m [Producer.mosaic_0 ]394
[0m[1m[2023-10-11 15:41:05.838] [0m[32;1m(INFO)[0m [Producer.mosaic_0 ]395
[0m[1m[2023-10-11 15:41:05.838] [0m[32;1m(INFO)[0m [Producer.mosaic_0 ]396
[0m[1m[2023-10-11 15:41:05.838] [0m[32;1m(INFO)[0m [Producer.mosaic_0 ]397
[0m[1m[2023-10-11 15:41:05.838] [0m[32;1m(INFO)[0m [Producer.mosaic_0 ]398
[0m[1m[2023-10-11 15:41:05.839] [0m[32;1m(INFO)[0m [Producer.mosaic_0 ]399
[0m[1m[2023-10-11 15:41:05.839] [0m[32;1m(INFO)[0m [Producer.mosaic_0 ]400
[0m[1m[2023-10-11 15:41:05.839] [0m[32;1m(INFO)[0m [Producer.mosaic_0 ]401
[0m[1m[2023-10-11 15:41:05.839] [0m[32;1m(INFO)[0m [Producer.mosaic_0 ]402
[0m[1m[2023-10-11 15:41:05.839] [0m[32;1m(INFO)[0m [Producer.mosaic_0 ]403
[0m[1m[2023-10-11 15:41:05.839] [0m[32;1m(INFO)[0m [Producer.mosaic_0 ]404
[0m[1m[2023-10-11 15:41:05.839] [0m[32;1m(INFO)[0m [Producer.mosaic_0 ]405
[0m[1m[2023-10-11 15:41:05.839] [0m[32;1m(INFO)[0m [Producer.mosaic_0 ]406
[0m[1m[2023-10-11 15:41:05.839] [0m[32;1m(INFO)[0m [Producer.mosaic_0 ]407
[0m[1m[2023-10-11 15:41:05.839] [0m[32;1m(INFO)[0m [Producer.mosaic_0 ]408
[0m[1m[2023-10-11 15:41:05.840] [0m[32;1m(INFO)[0m [Producer.mosaic_0 ]409
[0m[1m[2023-10-11 15:41:05.840] [0m[32;1m(INFO)[0m [Producer.mosaic_0 ]410
[0m[1m[2023-10-11 15:41:05.840] [0m[32;1m(INFO)[0m [Producer.mosaic_0 ]411
[0m[1m[2023-10-11 15:41:05.840] [0m[32;1m(INFO)[0m [Producer.mosaic_0 ]412
[0m[1m[2023-10-11 15:41:05.840] [0m[32;1m(INFO)[0m [Producer.mosaic_0 ]413
[0m[1m[2023-10-11 15:41:05.840] [0m[32;1m(INFO)[0m [Producer.mosaic_0 ]414
[0m[1m[2023-10-11 15:41:05.840] [0m[32;1m(INFO)[0m [Producer.mosaic_0 ]415
[0m[1m[2023-10-11 15:41:05.840] [0m[32;1m(INFO)[0m [Producer.mosaic_0 ]416
[0m[1m[2023-10-11 15:41:05.840] [0m[32;1m(INFO)[0m [Producer.mosaic_0 ]417
[0m[1m[2023-10-11 15:41:05.840] [0m[32;1m(INFO)[0m [Producer.mosaic_0 ]418
[0m[1m[2023-10-11 15:41:05.841] [0m[32;1m(INFO)[0m [Producer.mosaic_0 ]419
[0m[1m[2023-10-11 15:41:05.841] [0m[32;1m(INFO)[0m [Producer.mosaic_0 ]420
[0m[1m[2023-10-11 15:41:05.841] [0m[32;1m(INFO)[0m [Producer.mosaic_0 ]421
[0m[1m[2023-10-11 15:41:05.841] [0m[32;1m(INFO)[0m [Producer.mosaic_0 ]422
[0m[1m[2023-10-11 15:41:05.841] [0m[32;1m(INFO)[0m [Producer.mosaic_0 ]423
[0m[1m[2023-10-11 15:41:05.841] [0m[32;1m(INFO)[0m [Producer.mosaic_0 ]424
[0m[1m[2023-10-11 15:41:05.841] [0m[32;1m(INFO)[0m [Producer.mosaic_0 ]425
[0m[1m[2023-10-11 15:41:05.841] [0m[32;1m(INFO)[0m [Producer.mosaic_0 ]426
[0m[1m[2023-10-11 15:41:05.841] [0m[32;1m(INFO)[0m [Producer.mosaic_0 ]427
[0m[1m[2023-10-11 15:41:05.842] [0m[32;1m(INFO)[0m [Producer.mosaic_0 ]428
[0m[1m[2023-10-11 15:41:05.842] [0m[32;1m(INFO)[0m [Producer.mosaic_0 ]429
[0m[1m[2023-10-11 15:41:05.842] [0m[32;1m(INFO)[0m [Producer.mosaic_0 ]430
[0m[1m[2023-10-11 15:41:05.842] [0m[32;1m(INFO)[0m [Producer.mosaic_0 ]431
[0m[1m[2023-10-11 15:41:05.842] [0m[32;1m(INFO)[0m [Producer.mosaic_0 ]432
[0m[1m[2023-10-11 15:41:05.842] [0m[32;1m(INFO)[0m [Producer.mosaic_0 ]433
[0m[1m[2023-10-11 15:41:05.842] [0m[32;1m(INFO)[0m [Producer.mosaic_0 ]434
[0m[1m[2023-10-11 15:41:05.842] [0m[32;1m(INFO)[0m [Producer.mosaic_0 ]435
[0m[1m[2023-10-11 15:41:05.842] [0m[32;1m(INFO)[0m [Producer.mosaic_0 ]436
[0m[1m[2023-10-11 15:41:05.842] [0m[32;1m(INFO)[0m [Producer.mosaic_0 ]437
[0m[1m[2023-10-11 15:41:05.843] [0m[32;1m(INFO)[0m [Producer.mosaic_0 ]438
[0m[1m[2023-10-11 15:41:05.843] [0m[32;1m(INFO)[0m [Producer.mosaic_0 ]439
[0m[1m[2023-10-11 15:41:05.843] [0m[32;1m(INFO)[0m [Producer.mosaic_0 ]440
[0m[1m[2023-10-11 15:41:05.843] [0m[32;1m(INFO)[0m [Producer.mosaic_0 ]441
[0m[1m[2023-10-11 15:41:05.843] [0m[32;1m(INFO)[0m [Producer.mosaic_0 ]442
[0m[1m[2023-10-11 15:41:05.843] [0m[32;1m(INFO)[0m [Producer.mosaic_0 ]443
[0m[1m[2023-10-11 15:41:05.843] [0m[32;1m(INFO)[0m [Producer.mosaic_0 ]444
[0m[1m[2023-10-11 15:41:05.843] [0m[32;1m(INFO)[0m [Producer.mosaic_0 ]445
[0m[1m[2023-10-11 15:41:05.843] [0m[32;1m(INFO)[0m [Producer.mosaic_0 ]446
[0m[1m[2023-10-11 15:41:05.843] [0m[32;1m(INFO)[0m [Producer.mosaic_0 ]447
[0m[1m[2023-10-11 15:41:05.844] [0m[32;1m(INFO)[0m [Producer.mosaic_0 ]448
[0m[1m[2023-10-11 15:41:05.844] [0m[32;1m(INFO)[0m [Producer.mosaic_0 ]449
[0m[1m[2023-10-11 15:41:05.844] [0m[32;1m(INFO)[0m [Producer.mosaic_0 ]450
[0m[1m[2023-10-11 15:41:05.844] [0m[32;1m(INFO)[0m [Producer.mosaic_0 ]451
[0m[1m[2023-10-11 15:41:05.844] [0m[32;1m(INFO)[0m [Producer.mosaic_0 ]452
[0m[1m[2023-10-11 15:41:05.844] [0m[32;1m(INFO)[0m [Producer.mosaic_0 ]453
[0m[1m[2023-10-11 15:41:05.844] [0m[32;1m(INFO)[0m [Producer.mosaic_0 ]454
[0m[1m[2023-10-11 15:41:05.844] [0m[32;1m(INFO)[0m [Producer.mosaic_0 ]455
[0m[1m[2023-10-11 15:41:05.844] [0m[32;1m(INFO)[0m [Producer.mosaic_0 ]456
[0m[1m[2023-10-11 15:41:05.844] [0m[32;1m(INFO)[0m [Producer.mosaic_0 ]457
[0m[1m[2023-10-11 15:41:05.845] [0m[32;1m(INFO)[0m [Producer.mosaic_0 ]458
[0m[1m[2023-10-11 15:41:05.845] [0m[32;1m(INFO)[0m [Producer.mosaic_0 ]459
[0m[1m[2023-10-11 15:41:05.845] [0m[32;1m(INFO)[0m [Producer.mosaic_0 ]460
[0m[1m[2023-10-11 15:41:05.845] [0m[32;1m(INFO)[0m [Producer.mosaic_0 ]461
[0m[1m[2023-10-11 15:41:05.845] [0m[32;1m(INFO)[0m [Producer.mosaic_0 ]462
[0m[1m[2023-10-11 15:41:05.845] [0m[32;1m(INFO)[0m [Producer.mosaic_0 ]463
[0m[1m[2023-10-11 15:41:05.845] [0m[32;1m(INFO)[0m [Producer.mosaic_0 ]464
[0m[1m[2023-10-11 15:41:05.845] [0m[32;1m(INFO)[0m [Producer.mosaic_0 ]465
[0m[1m[2023-10-11 15:41:05.845] [0m[32;1m(INFO)[0m [Producer.mosaic_0 ]466
[0m[1m[2023-10-11 15:41:05.845] [0m[32;1m(INFO)[0m [Producer.mosaic_0 ]467
[0m[1m[2023-10-11 15:41:05.846] [0m[32;1m(INFO)[0m [Producer.mosaic_0 ]468
[0m[1m[2023-10-11 15:41:05.846] [0m[32;1m(INFO)[0m [Producer.mosaic_0 ]469
[0m[1m[2023-10-11 15:41:05.846] [0m[32;1m(INFO)[0m [Producer.mosaic_0 ]470
[0m[1m[2023-10-11 15:41:05.846] [0m[32;1m(INFO)[0m [Producer.mosaic_0 ]471
[0m[1m[2023-10-11 15:41:05.846] [0m[32;1m(INFO)[0m [Producer.mosaic_0 ]472
[0m[1m[2023-10-11 15:41:05.846] [0m[32;1m(INFO)[0m [Producer.mosaic_0 ]473
[0m[1m[2023-10-11 15:41:05.846] [0m[32;1m(INFO)[0m [Producer.mosaic_0 ]474
[0m[1m[2023-10-11 15:41:05.846] [0m[32;1m(INFO)[0m [Producer.mosaic_0 ]475
[0m[1m[2023-10-11 15:41:05.846] [0m[32;1m(INFO)[0m [Producer.mosaic_0 ]476
[0m[1m[2023-10-11 15:41:05.846] [0m[32;1m(INFO)[0m [Producer.mosaic_0 ]477
[0m[1m[2023-10-11 15:41:05.847] [0m[32;1m(INFO)[0m [Producer.mosaic_0 ]478
[0m[1m[2023-10-11 15:41:05.847] [0m[32;1m(INFO)[0m [Producer.mosaic_0 ]479
[0m[1m[2023-10-11 15:41:05.847] [0m[32;1m(INFO)[0m [Producer.mosaic_0 ]480
[0m[1m[2023-10-11 15:41:05.847] [0m[32;1m(INFO)[0m [Producer.mosaic_0 ]481
[0m[1m[2023-10-11 15:41:05.847] [0m[32;1m(INFO)[0m [Producer.mosaic_0 ]482
[0m[1m[2023-10-11 15:41:05.847] [0m[32;1m(INFO)[0m [Producer.mosaic_0 ]483
[0m[1m[2023-10-11 15:41:05.847] [0m[32;1m(INFO)[0m [Producer.mosaic_0 ]484
[0m[1m[2023-10-11 15:41:05.847] [0m[32;1m(INFO)[0m [Producer.mosaic_0 ]485
[0m[1m[2023-10-11 15:41:05.847] [0m[32;1m(INFO)[0m [Producer.mosaic_0 ]486
[0m[1m[2023-10-11 15:41:05.847] [0m[32;1m(INFO)[0m [Producer.mosaic_0 ]487
[0m[1m[2023-10-11 15:41:05.848] [0m[32;1m(INFO)[0m [Producer.mosaic_0 ]488
[0m[1m[2023-10-11 15:41:05.848] [0m[32;1m(INFO)[0m [Producer.mosaic_0 ]489
[0m[1m[2023-10-11 15:41:05.848] [0m[32;1m(INFO)[0m [Producer.mosaic_0 ]490
[0m[1m[2023-10-11 15:41:05.848] [0m[32;1m(INFO)[0m [Producer.mosaic_0 ]491
[0m[1m[2023-10-11 15:41:05.848] [0m[32;1m(INFO)[0m [Producer.mosaic_0 ]492
[0m[1m[2023-10-11 15:41:05.848] [0m[32;1m(INFO)[0m [Producer.mosaic_0 ]493
[0m[1m[2023-10-11 15:41:05.848] [0m[32;1m(INFO)[0m [Producer.mosaic_0 ]494
[0m[1m[2023-10-11 15:41:05.848] [0m[32;1m(INFO)[0m [Producer.mosaic_0 ]495
[0m[1m[2023-10-11 15:41:05.848] [0m[32;1m(INFO)[0m [Producer.mosaic_0 ]496
[0m[1m[2023-10-11 15:41:05.848] [0m[32;1m(INFO)[0m [Producer.mosaic_0 ]497
[0m[1m[2023-10-11 15:41:05.848] [0m[32;1m(INFO)[0m [Producer.mosaic_0 ]498
[0m[1m[2023-10-11 15:41:05.849] [0m[32;1m(INFO)[0m [Producer.mosaic_0 ]499
[0m[1m[2023-10-11 15:41:05.849] [0m[32;1m(INFO)[0m [Producer.mosaic_0 ]500
[0m[1m[2023-10-11 15:41:05.849] [0m[32;1m(INFO)[0m [Producer.mosaic_0 ]501
[0m[1m[2023-10-11 15:41:05.849] [0m[32;1m(INFO)[0m [Producer.mosaic_0 ]502
[0m[1m[2023-10-11 15:41:05.849] [0m[32;1m(INFO)[0m [Producer.mosaic_0 ]503
[0m[1m[2023-10-11 15:41:05.849] [0m[32;1m(INFO)[0m [Producer.mosaic_0 ]504
[0m[1m[2023-10-11 15:41:05.849] [0m[32;1m(INFO)[0m [Producer.mosaic_0 ]505
[0m[1m[2023-10-11 15:41:05.849] [0m[32;1m(INFO)[0m [Producer.mosaic_0 ]506
[0m[1m[2023-10-11 15:41:05.849] [0m[32;1m(INFO)[0m [Producer.mosaic_0 ]507
[0m[1m[2023-10-11 15:41:05.850] [0m[32;1m(INFO)[0m [Producer.mosaic_0 ]508
[0m[1m[2023-10-11 15:41:05.850] [0m[32;1m(INFO)[0m [Producer.mosaic_0 ]509
[0m[1m[2023-10-11 15:41:05.850] [0m[32;1m(INFO)[0m [Producer.mosaic_0 ]510
[0m[1m[2023-10-11 15:41:05.850] [0m[32;1m(INFO)[0m [Producer.mosaic_0 ]511
[0m[1m[2023-10-11 15:41:05.850] [0m[32;1m(INFO)[0m [Producer.mosaic_0 ]512
[0m[1m[2023-10-11 15:41:05.850] [0m[32;1m(INFO)[0m [Producer.mosaic_0 ]513
[0m[1m[2023-10-11 15:41:05.850] [0m[32;1m(INFO)[0m [Producer.mosaic_0 ]514
[0m[1m[2023-10-11 15:41:05.850] [0m[32;1m(INFO)[0m [Producer.mosaic_0 ]515
[0m[1m[2023-10-11 15:41:05.850] [0m[32;1m(INFO)[0m [Producer.mosaic_0 ]516
[0m[1m[2023-10-11 15:41:05.850] [0m[32;1m(INFO)[0m [Producer.mosaic_0 ]517
[0m[1m[2023-10-11 15:41:05.851] [0m[32;1m(INFO)[0m [Producer.mosaic_0 ]518
[0m[1m[2023-10-11 15:41:05.851] [0m[32;1m(INFO)[0m [Producer.mosaic_0 ]519
[0m[1m[2023-10-11 15:41:05.851] [0m[32;1m(INFO)[0m [Producer.mosaic_0 ]520
[0m[1m[2023-10-11 15:41:05.851] [0m[32;1m(INFO)[0m [Producer.mosaic_0 ]521
[0m[1m[2023-10-11 15:41:05.851] [0m[32;1m(INFO)[0m [Producer.mosaic_0 ]522
[0m[1m[2023-10-11 15:41:05.851] [0m[32;1m(INFO)[0m [Producer.mosaic_0 ]523
[0m[1m[2023-10-11 15:41:05.851] [0m[32;1m(INFO)[0m [Producer.mosaic_0 ]524
[0m[1m[2023-10-11 15:41:05.851] [0m[32;1m(INFO)[0m [Producer.mosaic_0 ]525
[0m[1m[2023-10-11 15:41:05.851] [0m[32;1m(INFO)[0m [Producer.mosaic_0 ]526
[0m[1m[2023-10-11 15:41:05.851] [0m[32;1m(INFO)[0m [Producer.mosaic_0 ]527
[0m[1m[2023-10-11 15:41:05.852] [0m[32;1m(INFO)[0m [Producer.mosaic_0 ]528
[0m[1m[2023-10-11 15:41:05.852] [0m[32;1m(INFO)[0m [Producer.mosaic_0 ]529
[0m[1m[2023-10-11 15:41:05.852] [0m[32;1m(INFO)[0m [Producer.mosaic_0 ]530
[0m[1m[2023-10-11 15:41:05.852] [0m[32;1m(INFO)[0m [Producer.mosaic_0 ]531
[0m[1m[2023-10-11 15:41:05.852] [0m[32;1m(INFO)[0m [Producer.mosaic_0 ]532
[0m[1m[2023-10-11 15:41:05.852] [0m[32;1m(INFO)[0m [Producer.mosaic_0 ]533
[0m[1m[2023-10-11 15:41:05.852] [0m[32;1m(INFO)[0m [Producer.mosaic_0 ]534
[0m[1m[2023-10-11 15:41:05.852] [0m[32;1m(INFO)[0m [Producer.mosaic_0 ]535
[0m[1m[2023-10-11 15:41:05.852] [0m[32;1m(INFO)[0m [Producer.mosaic_0 ]536
[0m[1m[2023-10-11 15:41:05.852] [0m[32;1m(INFO)[0m [Producer.mosaic_0 ]537
[0m[1m[2023-10-11 15:41:05.853] [0m[32;1m(INFO)[0m [Producer.mosaic_0 ]538
[0m[1m[2023-10-11 15:41:05.853] [0m[32;1m(INFO)[0m [Producer.mosaic_0 ]539
[0m[1m[2023-10-11 15:41:05.853] [0m[32;1m(INFO)[0m [Producer.mosaic_0 ]540
[0m[1m[2023-10-11 15:41:05.853] [0m[32;1m(INFO)[0m [Producer.mosaic_0 ]541
[0m[1m[2023-10-11 15:41:05.853] [0m[32;1m(INFO)[0m [Producer.mosaic_0 ]542
[0m[1m[2023-10-11 15:41:05.853] [0m[32;1m(INFO)[0m [Producer.mosaic_0 ]543
[0m[1m[2023-10-11 15:41:05.853] [0m[32;1m(INFO)[0m [Producer.mosaic_0 ]544
[0m[1m[2023-10-11 15:41:05.853] [0m[32;1m(INFO)[0m [Producer.mosaic_0 ]545
[0m[1m[2023-10-11 15:41:05.853] [0m[32;1m(INFO)[0m [Producer.mosaic_0 ]546
[0m[1m[2023-10-11 15:41:05.853] [0m[32;1m(INFO)[0m [Producer.mosaic_0 ]547
[0m[1m[2023-10-11 15:41:05.854] [0m[32;1m(INFO)[0m [Producer.mosaic_0 ]548
[0m[1m[2023-10-11 15:41:05.854] [0m[32;1m(INFO)[0m [Producer.mosaic_0 ]549
[0m[1m[2023-10-11 15:41:05.854] [0m[32;1m(INFO)[0m [Producer.mosaic_0 ]550
[0m[1m[2023-10-11 15:41:05.854] [0m[32;1m(INFO)[0m [Producer.mosaic_0 ]551
[0m[1m[2023-10-11 15:41:05.854] [0m[32;1m(INFO)[0m [Producer.mosaic_0 ]552
[0m[1m[2023-10-11 15:41:05.854] [0m[32;1m(INFO)[0m [Producer.mosaic_0 ]553
[0m[1m[2023-10-11 15:41:05.854] [0m[32;1m(INFO)[0m [Producer.mosaic_0 ]554
[0m[1m[2023-10-11 15:41:05.854] [0m[32;1m(INFO)[0m [Producer.mosaic_0 ]555
[0m[1m[2023-10-11 15:41:05.854] [0m[32;1m(INFO)[0m [Producer.mosaic_0 ]556
[0m[1m[2023-10-11 15:41:05.854] [0m[32;1m(INFO)[0m [Producer.mosaic_0 ]557
[0m[1m[2023-10-11 15:41:05.855] [0m[32;1m(INFO)[0m [Producer.mosaic_0 ]558
[0m[1m[2023-10-11 15:41:05.855] [0m[32;1m(INFO)[0m [Producer.mosaic_0 ]559
[0m[1m[2023-10-11 15:41:05.855] [0m[32;1m(INFO)[0m [Producer.mosaic_0 ]560
[0m[1m[2023-10-11 15:41:05.855] [0m[32;1m(INFO)[0m [Producer.mosaic_0 ]561
[0m[1m[2023-10-11 15:41:05.855] [0m[32;1m(INFO)[0m [Producer.mosaic_0 ]562
[0m[1m[2023-10-11 15:41:05.855] [0m[32;1m(INFO)[0m [Producer.mosaic_0 ]563
[0m[1m[2023-10-11 15:41:05.855] [0m[32;1m(INFO)[0m [Producer.mosaic_0 ]564
[0m[1m[2023-10-11 15:41:05.855] [0m[32;1m(INFO)[0m [Producer.mosaic_0 ]565
[0m[1m[2023-10-11 15:41:05.855] [0m[32;1m(INFO)[0m [Producer.mosaic_0 ]566
[0m[1m[2023-10-11 15:41:05.855] [0m[32;1m(INFO)[0m [Producer.mosaic_0 ]567
[0m[1m[2023-10-11 15:41:05.856] [0m[32;1m(INFO)[0m [Producer.mosaic_0 ]568
[0m[1m[2023-10-11 15:41:05.856] [0m[32;1m(INFO)[0m [Producer.mosaic_0 ]569
[0m[1m[2023-10-11 15:41:05.856] [0m[32;1m(INFO)[0m [Producer.mosaic_0 ]570
[0m[1m[2023-10-11 15:41:05.856] [0m[32;1m(INFO)[0m [Producer.mosaic_0 ]571
[0m[1m[2023-10-11 15:41:05.856] [0m[32;1m(INFO)[0m [Producer.mosaic_0 ]572
[0m[1m[2023-10-11 15:41:05.856] [0m[32;1m(INFO)[0m [Producer.mosaic_0 ]573
[0m[1m[2023-10-11 15:41:05.856] [0m[32;1m(INFO)[0m [Producer.mosaic_0 ]574
[0m[1m[2023-10-11 15:41:05.856] [0m[32;1m(INFO)[0m [Producer.mosaic_0 ]575
[0m[1m[2023-10-11 15:41:05.856] [0m[32;1m(INFO)[0m [Producer.mosaic_0 ]576
[0m[1m[2023-10-11 15:41:05.856] [0m[32;1m(INFO)[0m [Producer.mosaic_0 ]577
[0m[1m[2023-10-11 15:41:05.856] [0m[32;1m(INFO)[0m [Producer.mosaic_0 ]578
[0m[1m[2023-10-11 15:41:05.857] [0m[32;1m(INFO)[0m [Producer.mosaic_0 ]579
[0m[1m[2023-10-11 15:41:05.857] [0m[32;1m(INFO)[0m [Producer.mosaic_0 ]580
[0m[1m[2023-10-11 15:41:05.857] [0m[32;1m(INFO)[0m [Producer.mosaic_0 ]581
[0m[1m[2023-10-11 15:41:05.857] [0m[32;1m(INFO)[0m [Producer.mosaic_0 ]582
[0m[1m[2023-10-11 15:41:05.857] [0m[32;1m(INFO)[0m [Producer.mosaic_0 ]583
[0m[1m[2023-10-11 15:41:05.857] [0m[32;1m(INFO)[0m [Producer.mosaic_0 ]584
[0m[1m[2023-10-11 15:41:05.857] [0m[32;1m(INFO)[0m [Producer.mosaic_0 ]585
[0m[1m[2023-10-11 15:41:05.857] [0m[32;1m(INFO)[0m [Producer.mosaic_0 ]586
[0m[1m[2023-10-11 15:41:05.857] [0m[32;1m(INFO)[0m [Producer.mosaic_0 ]587
[0m[1m[2023-10-11 15:41:05.858] [0m[32;1m(INFO)[0m [Producer.mosaic_0 ]588
[0m[1m[2023-10-11 15:41:05.858] [0m[32;1m(INFO)[0m [Producer.mosaic_0 ]589
[0m[1m[2023-10-11 15:41:05.858] [0m[32;1m(INFO)[0m [Producer.mosaic_0 ]590
[0m[1m[2023-10-11 15:41:05.858] [0m[32;1m(INFO)[0m [Producer.mosaic_0 ]591
[0m[1m[2023-10-11 15:41:05.858] [0m[32;1m(INFO)[0m [Producer.mosaic_0 ]592
[0m[1m[2023-10-11 15:41:05.858] [0m[32;1m(INFO)[0m [Producer.mosaic_0 ]593
[0m[1m[2023-10-11 15:41:05.858] [0m[32;1m(INFO)[0m [Producer.mosaic_0 ]594
[0m[1m[2023-10-11 15:41:05.858] [0m[32;1m(INFO)[0m [Producer.mosaic_0 ]595
[0m[1m[2023-10-11 15:41:05.858] [0m[32;1m(INFO)[0m [Producer.mosaic_0 ]596
[0m[1m[2023-10-11 15:41:05.858] [0m[32;1m(INFO)[0m [Producer.mosaic_0 ]597
[0m[1m[2023-10-11 15:41:05.859] [0m[32;1m(INFO)[0m [Producer.mosaic_0 ]598
[0m[1m[2023-10-11 15:41:05.859] [0m[32;1m(INFO)[0m [Producer.mosaic_0 ]599
[0m[1m[2023-10-11 15:41:05.859] [0m[32;1m(INFO)[0m [Producer.mosaic_0 ]600
[0m[1m[2023-10-11 15:41:05.859] [0m[32;1m(INFO)[0m [Producer.mosaic_0 ]601
[0m[1m[2023-10-11 15:41:05.859] [0m[32;1m(INFO)[0m [Producer.mosaic_0 ]602
[0m[1m[2023-10-11 15:41:05.859] [0m[32;1m(INFO)[0m [Producer.mosaic_0 ]603
[0m[1m[2023-10-11 15:41:05.859] [0m[32;1m(INFO)[0m [Producer.mosaic_0 ]604
[0m[1m[2023-10-11 15:41:05.859] [0m[32;1m(INFO)[0m [Producer.mosaic_0 ]605
[0m[1m[2023-10-11 15:41:05.859] [0m[32;1m(INFO)[0m [Producer.mosaic_0 ]606
[0m[1m[2023-10-11 15:41:05.860] [0m[32;1m(INFO)[0m [Producer.mosaic_0 ]607
[0m[1m[2023-10-11 15:41:05.860] [0m[32;1m(INFO)[0m [Producer.mosaic_0 ]608
[0m[1m[2023-10-11 15:41:05.860] [0m[32;1m(INFO)[0m [Producer.mosaic_0 ]609
[0m[1m[2023-10-11 15:41:05.860] [0m[32;1m(INFO)[0m [Producer.mosaic_0 ]610
[0m[1m[2023-10-11 15:41:05.860] [0m[32;1m(INFO)[0m [Producer.mosaic_0 ]611
[0m[1m[2023-10-11 15:41:05.860] [0m[32;1m(INFO)[0m [Producer.mosaic_0 ]612
[0m[1m[2023-10-11 15:41:05.860] [0m[32;1m(INFO)[0m [Producer.mosaic_0 ]613
[0m[1m[2023-10-11 15:41:05.860] [0m[32;1m(INFO)[0m [Producer.mosaic_0 ]614
[0m[1m[2023-10-11 15:41:05.861] [0m[32;1m(INFO)[0m [Producer.mosaic_0 ]615
[0m[1m[2023-10-11 15:41:05.861] [0m[32;1m(INFO)[0m [Producer.mosaic_0 ]616
[0m[1m[2023-10-11 15:41:05.861] [0m[32;1m(INFO)[0m [Producer.mosaic_0 ]617
[0m[1m[2023-10-11 15:41:05.861] [0m[32;1m(INFO)[0m [Producer.mosaic_0 ]618
[0m[1m[2023-10-11 15:41:05.861] [0m[32;1m(INFO)[0m [Producer.mosaic_0 ]619
[0m[1m[2023-10-11 15:41:05.861] [0m[32;1m(INFO)[0m [Producer.mosaic_0 ]620
[0m[1m[2023-10-11 15:41:05.861] [0m[32;1m(INFO)[0m [Producer.mosaic_0 ]621
[0m[1m[2023-10-11 15:41:05.861] [0m[32;1m(INFO)[0m [Producer.mosaic_0 ]622
[0m[1m[2023-10-11 15:41:05.861] [0m[32;1m(INFO)[0m [Producer.mosaic_0 ]623
[0m[1m[2023-10-11 15:41:05.862] [0m[32;1m(INFO)[0m [Producer.mosaic_0 ]624
[0m[1m[2023-10-11 15:41:05.862] [0m[32;1m(INFO)[0m [Producer.mosaic_0 ]625
[0m[1m[2023-10-11 15:41:05.862] [0m[32;1m(INFO)[0m [Producer.mosaic_0 ]626
[0m[1m[2023-10-11 15:41:05.862] [0m[32;1m(INFO)[0m [Producer.mosaic_0 ]627
[0m[1m[2023-10-11 15:41:05.862] [0m[32;1m(INFO)[0m [Producer.mosaic_0 ]628
[0m[1m[2023-10-11 15:41:05.862] [0m[32;1m(INFO)[0m [Producer.mosaic_0 ]629
[0m[1m[2023-10-11 15:41:05.862] [0m[32;1m(INFO)[0m [Producer.mosaic_0 ]630
[0m[1m[2023-10-11 15:41:05.862] [0m[32;1m(INFO)[0m [Producer.mosaic_0 ]631
[0m[1m[2023-10-11 15:41:05.863] [0m[32;1m(INFO)[0m [Producer.mosaic_0 ]632
[0m[1m[2023-10-11 15:41:05.863] [0m[32;1m(INFO)[0m [Producer.mosaic_0 ]633
[0m[1m[2023-10-11 15:41:05.863] [0m[32;1m(INFO)[0m [Producer.mosaic_0 ]634
[0m[1m[2023-10-11 15:41:05.863] [0m[32;1m(INFO)[0m [Producer.mosaic_0 ]635
[0m[1m[2023-10-11 15:41:05.863] [0m[32;1m(INFO)[0m [Producer.mosaic_0 ]636
[0m[1m[2023-10-11 15:41:05.863] [0m[32;1m(INFO)[0m [Producer.mosaic_0 ]637
[0m[1m[2023-10-11 15:41:05.863] [0m[32;1m(INFO)[0m [Producer.mosaic_0 ]638
[0m[1m[2023-10-11 15:41:05.863] [0m[32;1m(INFO)[0m [Producer.mosaic_0 ]639
[0m[1m[2023-10-11 15:41:05.863] [0m[32;1m(INFO)[0m [Producer.mosaic_0 ]640
[0m[1m[2023-10-11 15:41:05.864] [0m[32;1m(INFO)[0m [Producer.mosaic_0 ]641
[0m[1m[2023-10-11 15:41:05.864] [0m[32;1m(INFO)[0m [Producer.mosaic_0 ]642
[0m[1m[2023-10-11 15:41:05.864] [0m[32;1m(INFO)[0m [Producer.mosaic_0 ]643
[0m[1m[2023-10-11 15:41:05.864] [0m[32;1m(INFO)[0m [Producer.mosaic_0 ]644
[0m[1m[2023-10-11 15:41:05.864] [0m[32;1m(INFO)[0m [Producer.mosaic_0 ]645
[0m[1m[2023-10-11 15:41:05.864] [0m[32;1m(INFO)[0m [Producer.mosaic_0 ]646
[0m[1m[2023-10-11 15:41:05.864] [0m[32;1m(INFO)[0m [Producer.mosaic_0 ]647
[0m[1m[2023-10-11 15:41:05.864] [0m[32;1m(INFO)[0m [Producer.mosaic_0 ]648
[0m[1m[2023-10-11 15:41:05.865] [0m[32;1m(INFO)[0m [Producer.mosaic_0 ]649
[0m[1m[2023-10-11 15:41:05.865] [0m[32;1m(INFO)[0m [Producer.mosaic_0 ]650
[0m[1m[2023-10-11 15:41:05.865] [0m[32;1m(INFO)[0m [Producer.mosaic_0 ]651
[0m[1m[2023-10-11 15:41:05.865] [0m[32;1m(INFO)[0m [Producer.mosaic_0 ]652
[0m[1m[2023-10-11 15:41:05.865] [0m[32;1m(INFO)[0m [Producer.mosaic_0 ]653
[0m[1m[2023-10-11 15:41:05.865] [0m[32;1m(INFO)[0m [Producer.mosaic_0 ]654
[0m[1m[2023-10-11 15:41:05.865] [0m[32;1m(INFO)[0m [Producer.mosaic_0 ]655
[0m[1m[2023-10-11 15:41:05.865] [0m[32;1m(INFO)[0m [Producer.mosaic_0 ]656
[0m[1m[2023-10-11 15:41:05.865] [0m[32;1m(INFO)[0m [Producer.mosaic_0 ]657
[0m[1m[2023-10-11 15:41:05.866] [0m[32;1m(INFO)[0m [Producer.mosaic_0 ]658
[0m[1m[2023-10-11 15:41:05.866] [0m[32;1m(INFO)[0m [Producer.mosaic_0 ]659
[0m[1m[2023-10-11 15:41:05.866] [0m[32;1m(INFO)[0m [Producer.mosaic_0 ]660
[0m[1m[2023-10-11 15:41:05.866] [0m[32;1m(INFO)[0m [Producer.mosaic_0 ]661
[0m[1m[2023-10-11 15:41:05.866] [0m[32;1m(INFO)[0m [Producer.mosaic_0 ]662
[0m[1m[2023-10-11 15:41:05.866] [0m[32;1m(INFO)[0m [Producer.mosaic_0 ]663
[0m[1m[2023-10-11 15:41:05.866] [0m[32;1m(INFO)[0m [Producer.mosaic_0 ]664
[0m[1m[2023-10-11 15:41:05.866] [0m[32;1m(INFO)[0m [Producer.mosaic_0 ]665
[0m[1m[2023-10-11 15:41:05.866] [0m[32;1m(INFO)[0m [Producer.mosaic_0 ]666
[0m[1m[2023-10-11 15:41:05.867] [0m[32;1m(INFO)[0m [Producer.mosaic_0 ]667
[0m[1m[2023-10-11 15:41:05.867] [0m[32;1m(INFO)[0m [Producer.mosaic_0 ]668
[0m[1m[2023-10-11 15:41:05.867] [0m[32;1m(INFO)[0m [Producer.mosaic_0 ]669
[0m[1m[2023-10-11 15:41:05.867] [0m[32;1m(INFO)[0m [Producer.mosaic_0 ]670
[0m[1m[2023-10-11 15:41:05.867] [0m[32;1m(INFO)[0m [Producer.mosaic_0 ]671
[0m[1m[2023-10-11 15:41:05.867] [0m[32;1m(INFO)[0m [Producer.mosaic_0 ]672
[0m[1m[2023-10-11 15:41:05.867] [0m[32;1m(INFO)[0m [Producer.mosaic_0 ]673
[0m[1m[2023-10-11 15:41:05.867] [0m[32;1m(INFO)[0m [Producer.mosaic_0 ]674
[0m[1m[2023-10-11 15:41:05.867] [0m[32;1m(INFO)[0m [Producer.mosaic_0 ]675
[0m[1m[2023-10-11 15:41:05.868] [0m[32;1m(INFO)[0m [Producer.mosaic_0 ]676
[0m[1m[2023-10-11 15:41:05.868] [0m[32;1m(INFO)[0m [Producer.mosaic_0 ]677
[0m[1m[2023-10-11 15:41:05.868] [0m[32;1m(INFO)[0m [Producer.mosaic_0 ]678
[0m[1m[2023-10-11 15:41:05.868] [0m[32;1m(INFO)[0m [Producer.mosaic_0 ]679
[0m[1m[2023-10-11 15:41:05.868] [0m[32;1m(INFO)[0m [Producer.mosaic_0 ]680
[0m[1m[2023-10-11 15:41:05.868] [0m[32;1m(INFO)[0m [Producer.mosaic_0 ]681
[0m[1m[2023-10-11 15:41:05.868] [0m[32;1m(INFO)[0m [Producer.mosaic_0 ]682
[0m[1m[2023-10-11 15:41:05.868] [0m[32;1m(INFO)[0m [Producer.mosaic_0 ]683
[0m[1m[2023-10-11 15:41:05.869] [0m[32;1m(INFO)[0m [Producer.mosaic_0 ]684
[0m[1m[2023-10-11 15:41:05.869] [0m[32;1m(INFO)[0m [Producer.mosaic_0 ]685
[0m[1m[2023-10-11 15:41:05.869] [0m[32;1m(INFO)[0m [Producer.mosaic_0 ]686
[0m[1m[2023-10-11 15:41:05.869] [0m[32;1m(INFO)[0m [Producer.mosaic_0 ]687
[0m[1m[2023-10-11 15:41:05.869] [0m[32;1m(INFO)[0m [Producer.mosaic_0 ]688
[0m[1m[2023-10-11 15:41:05.869] [0m[32;1m(INFO)[0m [Producer.mosaic_0 ]689
[0m[1m[2023-10-11 15:41:05.869] [0m[32;1m(INFO)[0m [Producer.mosaic_0 ]690
[0m[1m[2023-10-11 15:41:05.869] [0m[32;1m(INFO)[0m [Producer.mosaic_0 ]691
[0m[1m[2023-10-11 15:41:05.869] [0m[32;1m(INFO)[0m [Producer.mosaic_0 ]692
[0m[1m[2023-10-11 15:41:05.870] [0m[32;1m(INFO)[0m [Producer.mosaic_0 ]693
[0m[1m[2023-10-11 15:41:05.870] [0m[32;1m(INFO)[0m [Producer.mosaic_0 ]694
[0m[1m[2023-10-11 15:41:05.870] [0m[32;1m(INFO)[0m [Producer.mosaic_0 ]695
[0m[1m[2023-10-11 15:41:05.870] [0m[32;1m(INFO)[0m [Producer.mosaic_0 ]696
[0m[1m[2023-10-11 15:41:05.870] [0m[32;1m(INFO)[0m [Producer.mosaic_0 ]697
[0m[1m[2023-10-11 15:41:05.870] [0m[32;1m(INFO)[0m [Producer.mosaic_0 ]698
[0m[1m[2023-10-11 15:41:05.870] [0m[32;1m(INFO)[0m [Producer.mosaic_0 ]699
[0m[1m[2023-10-11 15:41:05.870] [0m[32;1m(INFO)[0m [Producer.mosaic_0 ]700
[0m[1m[2023-10-11 15:41:05.870] [0m[32;1m(INFO)[0m [Producer.mosaic_0 ]701
[0m[1m[2023-10-11 15:41:05.871] [0m[32;1m(INFO)[0m [Producer.mosaic_0 ]702
[0m[1m[2023-10-11 15:41:05.871] [0m[32;1m(INFO)[0m [Producer.mosaic_0 ]703
[0m[1m[2023-10-11 15:41:05.871] [0m[32;1m(INFO)[0m [Producer.mosaic_0 ]704
[0m[1m[2023-10-11 15:41:05.871] [0m[32;1m(INFO)[0m [Producer.mosaic_0 ]705
[0m[1m[2023-10-11 15:41:05.871] [0m[32;1m(INFO)[0m [Producer.mosaic_0 ]706
[0m[1m[2023-10-11 15:41:05.871] [0m[32;1m(INFO)[0m [Producer.mosaic_0 ]707
[0m[1m[2023-10-11 15:41:05.871] [0m[32;1m(INFO)[0m [Producer.mosaic_0 ]708
[0m[1m[2023-10-11 15:41:05.871] [0m[32;1m(INFO)[0m [Producer.mosaic_0 ]709
[0m[1m[2023-10-11 15:41:05.871] [0m[32;1m(INFO)[0m [Producer.mosaic_0 ]710
[0m[1m[2023-10-11 15:41:05.872] [0m[32;1m(INFO)[0m [Producer.mosaic_0 ]711
[0m[1m[2023-10-11 15:41:05.872] [0m[32;1m(INFO)[0m [Producer.mosaic_0 ]712
[0m[1m[2023-10-11 15:41:05.872] [0m[32;1m(INFO)[0m [Producer.mosaic_0 ]713
[0m[1m[2023-10-11 15:41:05.872] [0m[32;1m(INFO)[0m [Producer.mosaic_0 ]714
[0m[1m[2023-10-11 15:41:05.872] [0m[32;1m(INFO)[0m [Producer.mosaic_0 ]715
[0m[1m[2023-10-11 15:41:05.872] [0m[32;1m(INFO)[0m [Producer.mosaic_0 ]716
[0m[1m[2023-10-11 15:41:05.872] [0m[32;1m(INFO)[0m [Producer.mosaic_0 ]717
[0m[1m[2023-10-11 15:41:05.872] [0m[32;1m(INFO)[0m [Producer.mosaic_0 ]718
[0m[1m[2023-10-11 15:41:05.873] [0m[32;1m(INFO)[0m [Producer.mosaic_0 ]719
[0m[1m[2023-10-11 15:41:05.873] [0m[32;1m(INFO)[0m [Producer.mosaic_0 ]720
[0m[1m[2023-10-11 15:41:05.873] [0m[32;1m(INFO)[0m [Producer.mosaic_0 ]721
[0m[1m[2023-10-11 15:41:05.873] [0m[32;1m(INFO)[0m [Producer.mosaic_0 ]722
[0m[1m[2023-10-11 15:41:05.873] [0m[32;1m(INFO)[0m [Producer.mosaic_0 ]723
[0m[1m[2023-10-11 15:41:05.873] [0m[32;1m(INFO)[0m [Producer.mosaic_0 ]724
[0m[1m[2023-10-11 15:41:05.873] [0m[32;1m(INFO)[0m [Producer.mosaic_0 ]725
[0m[1m[2023-10-11 15:41:05.873] [0m[32;1m(INFO)[0m [Producer.mosaic_0 ]726
[0m[1m[2023-10-11 15:41:05.873] [0m[32;1m(INFO)[0m [Producer.mosaic_0 ]727
[0m[1m[2023-10-11 15:41:05.874] [0m[32;1m(INFO)[0m [Producer.mosaic_0 ]728
[0m[1m[2023-10-11 15:41:05.874] [0m[32;1m(INFO)[0m [Producer.mosaic_0 ]729
[0m[1m[2023-10-11 15:41:05.874] [0m[32;1m(INFO)[0m [Producer.mosaic_0 ]730
[0m[1m[2023-10-11 15:41:05.874] [0m[32;1m(INFO)[0m [Producer.mosaic_0 ]731
[0m[1m[2023-10-11 15:41:05.874] [0m[32;1m(INFO)[0m [Producer.mosaic_0 ]732
[0m[1m[2023-10-11 15:41:05.874] [0m[32;1m(INFO)[0m [Producer.mosaic_0 ]733
[0m[1m[2023-10-11 15:41:05.874] [0m[32;1m(INFO)[0m [Producer.mosaic_0 ]734
[0m[1m[2023-10-11 15:41:05.874] [0m[32;1m(INFO)[0m [Producer.mosaic_0 ]735
[0m[1m[2023-10-11 15:41:05.875] [0m[32;1m(INFO)[0m [Producer.mosaic_0 ]736
[0m[1m[2023-10-11 15:41:05.875] [0m[32;1m(INFO)[0m [Producer.mosaic_0 ]737
[0m[1m[2023-10-11 15:41:05.875] [0m[32;1m(INFO)[0m [Producer.mosaic_0 ]738
[0m[1m[2023-10-11 15:41:05.875] [0m[32;1m(INFO)[0m [Producer.mosaic_0 ]739
[0m[1m[2023-10-11 15:41:05.875] [0m[32;1m(INFO)[0m [Producer.mosaic_0 ]740
[0m[1m[2023-10-11 15:41:05.875] [0m[32;1m(INFO)[0m [Producer.mosaic_0 ]741
[0m[1m[2023-10-11 15:41:05.875] [0m[32;1m(INFO)[0m [Producer.mosaic_0 ]742
[0m[1m[2023-10-11 15:41:05.875] [0m[32;1m(INFO)[0m [Producer.mosaic_0 ]743
[0m[1m[2023-10-11 15:41:05.875] [0m[32;1m(INFO)[0m [Producer.mosaic_0 ]744
[0m[1m[2023-10-11 15:41:05.876] [0m[32;1m(INFO)[0m [Producer.mosaic_0 ]745
[0m[1m[2023-10-11 15:41:05.876] [0m[32;1m(INFO)[0m [Producer.mosaic_0 ]746
[0m[1m[2023-10-11 15:41:05.876] [0m[32;1m(INFO)[0m [Producer.mosaic_0 ]747
[0m[1m[2023-10-11 15:41:05.876] [0m[32;1m(INFO)[0m [Producer.mosaic_0 ]748
[0m[1m[2023-10-11 15:41:05.876] [0m[32;1m(INFO)[0m [Producer.mosaic_0 ]749
[0m[1m[2023-10-11 15:41:05.876] [0m[32;1m(INFO)[0m [Producer.mosaic_0 ]750
[0m[1m[2023-10-11 15:41:05.876] [0m[32;1m(INFO)[0m [Producer.mosaic_0 ]751
[0m[1m[2023-10-11 15:41:05.876] [0m[32;1m(INFO)[0m [Producer.mosaic_0 ]752
[0m[1m[2023-10-11 15:41:05.876] [0m[32;1m(INFO)[0m [Producer.mosaic_0 ]753
[0m[1m[2023-10-11 15:41:05.877] [0m[32;1m(INFO)[0m [Producer.mosaic_0 ]754
[0m[1m[2023-10-11 15:41:05.877] [0m[32;1m(INFO)[0m [Producer.mosaic_0 ]755
[0m[1m[2023-10-11 15:41:05.877] [0m[32;1m(INFO)[0m [Producer.mosaic_0 ]756
[0m[1m[2023-10-11 15:41:05.877] [0m[32;1m(INFO)[0m [Producer.mosaic_0 ]757
[0m[1m[2023-10-11 15:41:05.877] [0m[32;1m(INFO)[0m [Producer.mosaic_0 ]758
[0m[1m[2023-10-11 15:41:05.877] [0m[32;1m(INFO)[0m [Producer.mosaic_0 ]759
[0m[1m[2023-10-11 15:41:05.877] [0m[32;1m(INFO)[0m [Producer.mosaic_0 ]760
[0m[1m[2023-10-11 15:41:05.877] [0m[32;1m(INFO)[0m [Producer.mosaic_0 ]761
[0m[1m[2023-10-11 15:41:05.878] [0m[32;1m(INFO)[0m [Producer.mosaic_0 ]762
[0m[1m[2023-10-11 15:41:05.878] [0m[32;1m(INFO)[0m [Producer.mosaic_0 ]763
[0m[1m[2023-10-11 15:41:05.878] [0m[32;1m(INFO)[0m [Producer.mosaic_0 ]764
[0m[1m[2023-10-11 15:41:05.878] [0m[32;1m(INFO)[0m [Producer.mosaic_0 ]765
[0m[1m[2023-10-11 15:41:05.878] [0m[32;1m(INFO)[0m [Producer.mosaic_0 ]766
[0m[1m[2023-10-11 15:41:05.878] [0m[32;1m(INFO)[0m [Producer.mosaic_0 ]767
[0m[1m[2023-10-11 15:41:05.878] [0m[32;1m(INFO)[0m [Producer.mosaic_0 ]768
[0m[1m[2023-10-11 15:41:05.878] [0m[32;1m(INFO)[0m [Producer.mosaic_0 ]769
[0m[1m[2023-10-11 15:41:05.878] [0m[32;1m(INFO)[0m [Producer.mosaic_0 ]770
[0m[1m[2023-10-11 15:41:05.879] [0m[32;1m(INFO)[0m [Producer.mosaic_0 ]771
[0m[1m[2023-10-11 15:41:05.879] [0m[32;1m(INFO)[0m [Producer.mosaic_0 ]772
[0m[1m[2023-10-11 15:41:05.879] [0m[32;1m(INFO)[0m [Producer.mosaic_0 ]773
[0m[1m[2023-10-11 15:41:05.879] [0m[32;1m(INFO)[0m [Producer.mosaic_0 ]774
[0m[1m[2023-10-11 15:41:05.879] [0m[32;1m(INFO)[0m [Producer.mosaic_0 ]775
[0m[1m[2023-10-11 15:41:05.879] [0m[32;1m(INFO)[0m [Producer.mosaic_0 ]776
[0m[1m[2023-10-11 15:41:05.879] [0m[32;1m(INFO)[0m [Producer.mosaic_0 ]777
[0m[1m[2023-10-11 15:41:05.879] [0m[32;1m(INFO)[0m [Producer.mosaic_0 ]778
[0m[1m[2023-10-11 15:41:05.879] [0m[32;1m(INFO)[0m [Producer.mosaic_0 ]779
[0m[1m[2023-10-11 15:41:05.880] [0m[32;1m(INFO)[0m [Producer.mosaic_0 ]780
[0m[1m[2023-10-11 15:41:05.880] [0m[32;1m(INFO)[0m [Producer.mosaic_0 ]781
[0m[1m[2023-10-11 15:41:05.880] [0m[32;1m(INFO)[0m [Producer.mosaic_0 ]782
[0m[1m[2023-10-11 15:41:05.880] [0m[32;1m(INFO)[0m [Producer.mosaic_0 ]783
[0m[1m[2023-10-11 15:41:05.880] [0m[32;1m(INFO)[0m [Producer.mosaic_0 ]784
[0m[1m[2023-10-11 15:41:05.880] [0m[32;1m(INFO)[0m [Producer.mosaic_0 ]785
[0m[1m[2023-10-11 15:41:05.880] [0m[32;1m(INFO)[0m [Producer.mosaic_0 ]786
[0m[1m[2023-10-11 15:41:05.880] [0m[32;1m(INFO)[0m [Producer.mosaic_0 ]787
[0m[1m[2023-10-11 15:41:05.881] [0m[32;1m(INFO)[0m [Producer.mosaic_0 ]788
[0m[1m[2023-10-11 15:41:05.881] [0m[32;1m(INFO)[0m [Producer.mosaic_0 ]789
[0m[1m[2023-10-11 15:41:05.881] [0m[32;1m(INFO)[0m [Producer.mosaic_0 ]790
[0m[1m[2023-10-11 15:41:05.881] [0m[32;1m(INFO)[0m [Producer.mosaic_0 ]791
[0m[1m[2023-10-11 15:41:05.881] [0m[32;1m(INFO)[0m [Producer.mosaic_0 ]792
[0m[1m[2023-10-11 15:41:05.881] [0m[32;1m(INFO)[0m [Producer.mosaic_0 ]793
[0m[1m[2023-10-11 15:41:05.881] [0m[32;1m(INFO)[0m [Producer.mosaic_0 ]794
[0m[1m[2023-10-11 15:41:05.881] [0m[32;1m(INFO)[0m [Producer.mosaic_0 ]795
[0m[1m[2023-10-11 15:41:05.881] [0m[32;1m(INFO)[0m [Producer.mosaic_0 ]796
[0m[1m[2023-10-11 15:41:05.882] [0m[32;1m(INFO)[0m [Producer.mosaic_0 ]797
[0m[1m[2023-10-11 15:41:05.882] [0m[32;1m(INFO)[0m [Producer.mosaic_0 ]798
[0m[1m[2023-10-11 15:41:05.882] [0m[32;1m(INFO)[0m [Producer.mosaic_0 ]799
[0m[1m[2023-10-11 15:41:05.882] [0m[32;1m(INFO)[0m [Producer.mosaic_0 ]800
[0m[1m[2023-10-11 15:41:05.882] [0m[32;1m(INFO)[0m [Producer.mosaic_0 ]801
[0m[1m[2023-10-11 15:41:05.882] [0m[32;1m(INFO)[0m [Producer.mosaic_0 ]802
[0m[1m[2023-10-11 15:41:05.882] [0m[32;1m(INFO)[0m [Producer.mosaic_0 ]803
[0m[1m[2023-10-11 15:41:05.882] [0m[32;1m(INFO)[0m [Producer.mosaic_0 ]804
[0m[1m[2023-10-11 15:41:05.883] [0m[32;1m(INFO)[0m [Producer.mosaic_0 ]805
[0m[1m[2023-10-11 15:41:05.883] [0m[32;1m(INFO)[0m [Producer.mosaic_0 ]806
[0m[1m[2023-10-11 15:41:05.883] [0m[32;1m(INFO)[0m [Producer.mosaic_0 ]807
[0m[1m[2023-10-11 15:41:05.883] [0m[32;1m(INFO)[0m [Producer.mosaic_0 ]808
[0m[1m[2023-10-11 15:41:05.883] [0m[32;1m(INFO)[0m [Producer.mosaic_0 ]809
[0m[1m[2023-10-11 15:41:05.883] [0m[32;1m(INFO)[0m [Producer.mosaic_0 ]810
[0m[1m[2023-10-11 15:41:05.883] [0m[32;1m(INFO)[0m [Producer.mosaic_0 ]811
[0m[1m[2023-10-11 15:41:05.883] [0m[32;1m(INFO)[0m [Producer.mosaic_0 ]812
[0m[1m[2023-10-11 15:41:05.883] [0m[32;1m(INFO)[0m [Producer.mosaic_0 ]813
[0m[1m[2023-10-11 15:41:05.884] [0m[32;1m(INFO)[0m [Producer.mosaic_0 ]814
[0m[1m[2023-10-11 15:41:05.884] [0m[32;1m(INFO)[0m [Producer.mosaic_0 ]815
[0m[1m[2023-10-11 15:41:05.884] [0m[32;1m(INFO)[0m [Producer.mosaic_0 ]816
[0m[1m[2023-10-11 15:41:05.884] [0m[32;1m(INFO)[0m [Producer.mosaic_0 ]817
[0m[1m[2023-10-11 15:41:05.884] [0m[32;1m(INFO)[0m [Producer.mosaic_0 ]818
[0m[1m[2023-10-11 15:41:05.884] [0m[32;1m(INFO)[0m [Producer.mosaic_0 ]819
[0m[1m[2023-10-11 15:41:05.884] [0m[32;1m(INFO)[0m [Producer.mosaic_0 ]820
[0m[1m[2023-10-11 15:41:05.884] [0m[32;1m(INFO)[0m [Producer.mosaic_0 ]821
[0m[1m[2023-10-11 15:41:05.885] [0m[32;1m(INFO)[0m [Producer.mosaic_0 ]822
[0m[1m[2023-10-11 15:41:05.885] [0m[32;1m(INFO)[0m [Producer.mosaic_0 ]823
[0m[1m[2023-10-11 15:41:05.885] [0m[32;1m(INFO)[0m [Producer.mosaic_0 ]824
[0m[1m[2023-10-11 15:41:05.885] [0m[32;1m(INFO)[0m [Producer.mosaic_0 ]825
[0m[1m[2023-10-11 15:41:05.885] [0m[32;1m(INFO)[0m [Producer.mosaic_0 ]826
[0m[1m[2023-10-11 15:41:05.885] [0m[32;1m(INFO)[0m [Producer.mosaic_0 ]827
[0m[1m[2023-10-11 15:41:05.885] [0m[32;1m(INFO)[0m [Producer.mosaic_0 ]828
[0m[1m[2023-10-11 15:41:05.885] [0m[32;1m(INFO)[0m [Producer.mosaic_0 ]829
[0m[1m[2023-10-11 15:41:05.885] [0m[32;1m(INFO)[0m [Producer.mosaic_0 ]830
[0m[1m[2023-10-11 15:41:05.886] [0m[32;1m(INFO)[0m [Producer.mosaic_0 ]831
[0m[1m[2023-10-11 15:41:05.886] [0m[32;1m(INFO)[0m [Producer.mosaic_0 ]832
[0m[1m[2023-10-11 15:41:05.886] [0m[32;1m(INFO)[0m [Producer.mosaic_0 ]833
[0m[1m[2023-10-11 15:41:05.886] [0m[32;1m(INFO)[0m [Producer.mosaic_0 ]834
[0m[1m[2023-10-11 15:41:05.886] [0m[32;1m(INFO)[0m [Producer.mosaic_0 ]835
[0m[1m[2023-10-11 15:41:05.886] [0m[32;1m(INFO)[0m [Producer.mosaic_0 ]836
[0m[1m[2023-10-11 15:41:05.886] [0m[32;1m(INFO)[0m [Producer.mosaic_0 ]837
[0m[1m[2023-10-11 15:41:05.886] [0m[32;1m(INFO)[0m [Producer.mosaic_0 ]838
[0m[1m[2023-10-11 15:41:05.886] [0m[32;1m(INFO)[0m [Producer.mosaic_0 ]839
[0m[1m[2023-10-11 15:41:05.887] [0m[32;1m(INFO)[0m [Producer.mosaic_0 ]840
[0m[1m[2023-10-11 15:41:05.887] [0m[32;1m(INFO)[0m [Producer.mosaic_0 ]841
[0m[1m[2023-10-11 15:41:05.887] [0m[32;1m(INFO)[0m [Producer.mosaic_0 ]842
[0m[1m[2023-10-11 15:41:05.887] [0m[32;1m(INFO)[0m [Producer.mosaic_0 ]843
[0m[1m[2023-10-11 15:41:05.887] [0m[32;1m(INFO)[0m [Producer.mosaic_0 ]844
[0m[1m[2023-10-11 15:41:05.887] [0m[32;1m(INFO)[0m [Producer.mosaic_0 ]845
[0m[1m[2023-10-11 15:41:05.887] [0m[32;1m(INFO)[0m [Producer.mosaic_0 ]846
[0m[1m[2023-10-11 15:41:05.887] [0m[32;1m(INFO)[0m [Producer.mosaic_0 ]847
[0m[1m[2023-10-11 15:41:05.887] [0m[32;1m(INFO)[0m [Producer.mosaic_0 ]848
[0m[1m[2023-10-11 15:41:05.888] [0m[32;1m(INFO)[0m [Producer.mosaic_0 ]849
[0m[1m[2023-10-11 15:41:05.888] [0m[32;1m(INFO)[0m [Producer.mosaic_0 ]850
[0m[1m[2023-10-11 15:41:05.888] [0m[32;1m(INFO)[0m [Producer.mosaic_0 ]851
[0m[1m[2023-10-11 15:41:05.888] [0m[32;1m(INFO)[0m [Producer.mosaic_0 ]852
[0m[1m[2023-10-11 15:41:05.888] [0m[32;1m(INFO)[0m [Producer.mosaic_0 ]853
[0m[1m[2023-10-11 15:41:05.888] [0m[32;1m(INFO)[0m [Producer.mosaic_0 ]854
[0m[1m[2023-10-11 15:41:05.888] [0m[32;1m(INFO)[0m [Producer.mosaic_0 ]855
[0m[1m[2023-10-11 15:41:05.888] [0m[32;1m(INFO)[0m [Producer.mosaic_0 ]856
[0m[1m[2023-10-11 15:41:05.889] [0m[32;1m(INFO)[0m [Producer.mosaic_0 ]857
[0m[1m[2023-10-11 15:41:05.889] [0m[32;1m(INFO)[0m [Producer.mosaic_0 ]858
[0m[1m[2023-10-11 15:41:05.889] [0m[32;1m(INFO)[0m [Producer.mosaic_0 ]859
[0m[1m[2023-10-11 15:41:05.889] [0m[32;1m(INFO)[0m [Producer.mosaic_0 ]860
[0m[1m[2023-10-11 15:41:05.889] [0m[32;1m(INFO)[0m [Producer.mosaic_0 ]861
[0m[1m[2023-10-11 15:41:05.889] [0m[32;1m(INFO)[0m [Producer.mosaic_0 ]862
[0m[1m[2023-10-11 15:41:05.889] [0m[32;1m(INFO)[0m [Producer.mosaic_0 ]863
[0m[1m[2023-10-11 15:41:05.889] [0m[32;1m(INFO)[0m [Producer.mosaic_0 ]864
[0m[1m[2023-10-11 15:41:05.889] [0m[32;1m(INFO)[0m [Producer.mosaic_0 ]865
[0m[1m[2023-10-11 15:41:05.890] [0m[32;1m(INFO)[0m [Producer.mosaic_0 ]866
[0m[1m[2023-10-11 15:41:05.890] [0m[32;1m(INFO)[0m [Producer.mosaic_0 ]867
[0m[1m[2023-10-11 15:41:05.890] [0m[32;1m(INFO)[0m [Producer.mosaic_0 ]868
[0m[1m[2023-10-11 15:41:05.890] [0m[32;1m(INFO)[0m [Producer.mosaic_0 ]869
[0m[1m[2023-10-11 15:41:05.890] [0m[32;1m(INFO)[0m [Producer.mosaic_0 ]870
[0m[1m[2023-10-11 15:41:05.890] [0m[32;1m(INFO)[0m [Producer.mosaic_0 ]871
[0m[1m[2023-10-11 15:41:05.890] [0m[32;1m(INFO)[0m [Producer.mosaic_0 ]872
[0m[1m[2023-10-11 15:41:05.890] [0m[32;1m(INFO)[0m [Producer.mosaic_0 ]873
[0m[1m[2023-10-11 15:41:05.890] [0m[32;1m(INFO)[0m [Producer.mosaic_0 ]874
[0m[1m[2023-10-11 15:41:05.891] [0m[32;1m(INFO)[0m [Producer.mosaic_0 ]875
[0m[1m[2023-10-11 15:41:05.891] [0m[32;1m(INFO)[0m [Producer.mosaic_0 ]876
[0m[1m[2023-10-11 15:41:05.891] [0m[32;1m(INFO)[0m [Producer.mosaic_0 ]877
[0m[1m[2023-10-11 15:41:05.891] [0m[32;1m(INFO)[0m [Producer.mosaic_0 ]878
[0m[1m[2023-10-11 15:41:05.891] [0m[32;1m(INFO)[0m [Producer.mosaic_0 ]879
[0m[1m[2023-10-11 15:41:05.891] [0m[32;1m(INFO)[0m [Producer.mosaic_0 ]880
[0m[1m[2023-10-11 15:41:05.891] [0m[32;1m(INFO)[0m [Producer.mosaic_0 ]881
[0m[1m[2023-10-11 15:41:05.891] [0m[32;1m(INFO)[0m [Producer.mosaic_0 ]882
[0m[1m[2023-10-11 15:41:05.891] [0m[32;1m(INFO)[0m [Producer.mosaic_0 ]883
[0m[1m[2023-10-11 15:41:05.892] [0m[32;1m(INFO)[0m [Producer.mosaic_0 ]884
[0m[1m[2023-10-11 15:41:05.892] [0m[32;1m(INFO)[0m [Producer.mosaic_0 ]885
[0m[1m[2023-10-11 15:41:05.892] [0m[32;1m(INFO)[0m [Producer.mosaic_0 ]886
[0m[1m[2023-10-11 15:41:05.892] [0m[32;1m(INFO)[0m [Producer.mosaic_0 ]887
[0m[1m[2023-10-11 15:41:05.892] [0m[32;1m(INFO)[0m [Producer.mosaic_0 ]888
[0m[1m[2023-10-11 15:41:05.892] [0m[32;1m(INFO)[0m [Producer.mosaic_0 ]889
[0m[1m[2023-10-11 15:41:05.892] [0m[32;1m(INFO)[0m [Producer.mosaic_0 ]890
[0m[1m[2023-10-11 15:41:05.892] [0m[32;1m(INFO)[0m [Producer.mosaic_0 ]891
[0m[1m[2023-10-11 15:41:05.893] [0m[32;1m(INFO)[0m [Producer.mosaic_0 ]892
[0m[1m[2023-10-11 15:41:05.893] [0m[32;1m(INFO)[0m [Producer.mosaic_0 ]893
[0m[1m[2023-10-11 15:41:05.893] [0m[32;1m(INFO)[0m [Producer.mosaic_0 ]894
[0m[1m[2023-10-11 15:41:05.893] [0m[32;1m(INFO)[0m [Producer.mosaic_0 ]895
[0m[1m[2023-10-11 15:41:05.893] [0m[32;1m(INFO)[0m [Producer.mosaic_0 ]896
[0m[1m[2023-10-11 15:41:05.893] [0m[32;1m(INFO)[0m [Producer.mosaic_0 ]897
[0m[1m[2023-10-11 15:41:05.893] [0m[32;1m(INFO)[0m [Producer.mosaic_0 ]898
[0m[1m[2023-10-11 15:41:05.893] [0m[32;1m(INFO)[0m [Producer.mosaic_0 ]899
[0m[1m[2023-10-11 15:41:05.893] [0m[32;1m(INFO)[0m [Producer.mosaic_0 ]900
[0m[1m[2023-10-11 15:41:05.894] [0m[32;1m(INFO)[0m [Producer.mosaic_0 ]901
[0m[1m[2023-10-11 15:41:05.894] [0m[32;1m(INFO)[0m [Producer.mosaic_0 ]902
[0m[1m[2023-10-11 15:41:05.894] [0m[32;1m(INFO)[0m [Producer.mosaic_0 ]903
[0m[1m[2023-10-11 15:41:05.894] [0m[32;1m(INFO)[0m [Producer.mosaic_0 ]904
[0m[1m[2023-10-11 15:41:05.894] [0m[32;1m(INFO)[0m [Producer.mosaic_0 ]905
[0m[1m[2023-10-11 15:41:05.894] [0m[32;1m(INFO)[0m [Producer.mosaic_0 ]906
[0m[1m[2023-10-11 15:41:05.894] [0m[32;1m(INFO)[0m [Producer.mosaic_0 ]907
[0m[1m[2023-10-11 15:41:05.894] [0m[32;1m(INFO)[0m [Producer.mosaic_0 ]908
[0m[1m[2023-10-11 15:41:05.894] [0m[32;1m(INFO)[0m [Producer.mosaic_0 ]909
[0m[1m[2023-10-11 15:41:05.895] [0m[32;1m(INFO)[0m [Producer.mosaic_0 ]910
[0m[1m[2023-10-11 15:41:05.895] [0m[32;1m(INFO)[0m [Producer.mosaic_0 ]911
[0m[1m[2023-10-11 15:41:05.895] [0m[32;1m(INFO)[0m [Producer.mosaic_0 ]912
[0m[1m[2023-10-11 15:41:05.895] [0m[32;1m(INFO)[0m [Producer.mosaic_0 ]913
[0m[1m[2023-10-11 15:41:05.895] [0m[32;1m(INFO)[0m [Producer.mosaic_0 ]914
[0m[1m[2023-10-11 15:41:05.895] [0m[32;1m(INFO)[0m [Producer.mosaic_0 ]915
[0m[1m[2023-10-11 15:41:05.895] [0m[32;1m(INFO)[0m [Producer.mosaic_0 ]916
[0m[1m[2023-10-11 15:41:05.895] [0m[32;1m(INFO)[0m [Producer.mosaic_0 ]917
[0m[1m[2023-10-11 15:41:05.896] [0m[32;1m(INFO)[0m [Producer.mosaic_0 ]918
[0m[1m[2023-10-11 15:41:05.896] [0m[32;1m(INFO)[0m [Producer.mosaic_0 ]919
[0m[1m[2023-10-11 15:41:05.896] [0m[32;1m(INFO)[0m [Producer.mosaic_0 ]920
[0m[1m[2023-10-11 15:41:05.896] [0m[32;1m(INFO)[0m [Producer.mosaic_0 ]921
[0m[1m[2023-10-11 15:41:05.896] [0m[32;1m(INFO)[0m [Producer.mosaic_0 ]922
[0m[1m[2023-10-11 15:41:05.896] [0m[32;1m(INFO)[0m [Producer.mosaic_0 ]923
[0m[1m[2023-10-11 15:41:05.896] [0m[32;1m(INFO)[0m [Producer.mosaic_0 ]924
[0m[1m[2023-10-11 15:41:05.896] [0m[32;1m(INFO)[0m [Producer.mosaic_0 ]925
[0m[1m[2023-10-11 15:41:05.896] [0m[32;1m(INFO)[0m [Producer.mosaic_0 ]926
[0m[1m[2023-10-11 15:41:05.897] [0m[32;1m(INFO)[0m [Producer.mosaic_0 ]927
[0m[1m[2023-10-11 15:41:05.897] [0m[32;1m(INFO)[0m [Producer.mosaic_0 ]928
[0m[1m[2023-10-11 15:41:05.897] [0m[32;1m(INFO)[0m [Producer.mosaic_0 ]929
[0m[1m[2023-10-11 15:41:05.897] [0m[32;1m(INFO)[0m [Producer.mosaic_0 ]930
[0m[1m[2023-10-11 15:41:05.897] [0m[32;1m(INFO)[0m [Producer.mosaic_0 ]931
[0m[1m[2023-10-11 15:41:05.897] [0m[32;1m(INFO)[0m [Producer.mosaic_0 ]932
[0m[1m[2023-10-11 15:41:05.897] [0m[32;1m(INFO)[0m [Producer.mosaic_0 ]933
[0m[1m[2023-10-11 15:41:05.897] [0m[32;1m(INFO)[0m [Producer.mosaic_0 ]934
[0m[1m[2023-10-11 15:41:05.898] [0m[32;1m(INFO)[0m [Producer.mosaic_0 ]935
[0m[1m[2023-10-11 15:41:05.898] [0m[32;1m(INFO)[0m [Producer.mosaic_0 ]936
[0m[1m[2023-10-11 15:41:05.898] [0m[32;1m(INFO)[0m [Producer.mosaic_0 ]937
[0m[1m[2023-10-11 15:41:05.898] [0m[32;1m(INFO)[0m [Producer.mosaic_0 ]938
[0m[1m[2023-10-11 15:41:05.898] [0m[32;1m(INFO)[0m [Producer.mosaic_0 ]939
[0m[1m[2023-10-11 15:41:05.898] [0m[32;1m(INFO)[0m [Producer.mosaic_0 ]940
[0m[1m[2023-10-11 15:41:05.898] [0m[32;1m(INFO)[0m [Producer.mosaic_0 ]941
[0m[1m[2023-10-11 15:41:05.898] [0m[32;1m(INFO)[0m [Producer.mosaic_0 ]942
[0m[1m[2023-10-11 15:41:05.898] [0m[32;1m(INFO)[0m [Producer.mosaic_0 ]943
[0m[1m[2023-10-11 15:41:05.899] [0m[32;1m(INFO)[0m [Producer.mosaic_0 ]944
[0m[1m[2023-10-11 15:41:05.899] [0m[32;1m(INFO)[0m [Producer.mosaic_0 ]945
[0m[1m[2023-10-11 15:41:05.899] [0m[32;1m(INFO)[0m [Producer.mosaic_0 ]946
[0m[1m[2023-10-11 15:41:05.899] [0m[32;1m(INFO)[0m [Producer.mosaic_0 ]947
[0m[1m[2023-10-11 15:41:05.899] [0m[32;1m(INFO)[0m [Producer.mosaic_0 ]948
[0m[1m[2023-10-11 15:41:05.899] [0m[32;1m(INFO)[0m [Producer.mosaic_0 ]949
[0m[1m[2023-10-11 15:41:05.899] [0m[32;1m(INFO)[0m [Producer.mosaic_0 ]950
[0m[1m[2023-10-11 15:41:05.899] [0m[32;1m(INFO)[0m [Producer.mosaic_0 ]951
[0m[1m[2023-10-11 15:41:05.900] [0m[32;1m(INFO)[0m [Producer.mosaic_0 ]952
[0m[1m[2023-10-11 15:41:05.900] [0m[32;1m(INFO)[0m [Producer.mosaic_0 ]953
[0m[1m[2023-10-11 15:41:05.900] [0m[32;1m(INFO)[0m [Producer.mosaic_0 ]954
[0m[1m[2023-10-11 15:41:05.900] [0m[32;1m(INFO)[0m [Producer.mosaic_0 ]955
[0m[1m[2023-10-11 15:41:05.900] [0m[32;1m(INFO)[0m [Producer.mosaic_0 ]956
[0m[1m[2023-10-11 15:41:05.900] [0m[32;1m(INFO)[0m [Producer.mosaic_0 ]957
[0m[1m[2023-10-11 15:41:05.900] [0m[32;1m(INFO)[0m [Producer.mosaic_0 ]958
[0m[1m[2023-10-11 15:41:05.900] [0m[32;1m(INFO)[0m [Producer.mosaic_0 ]959
[0m[1m[2023-10-11 15:41:05.900] [0m[32;1m(INFO)[0m [Producer.mosaic_0 ]960
[0m[1m[2023-10-11 15:41:05.901] [0m[32;1m(INFO)[0m [Producer.mosaic_0 ]961
[0m[1m[2023-10-11 15:41:05.901] [0m[32;1m(INFO)[0m [Producer.mosaic_0 ]962
[0m[1m[2023-10-11 15:41:05.901] [0m[32;1m(INFO)[0m [Producer.mosaic_0 ]963
[0m[1m[2023-10-11 15:41:05.901] [0m[32;1m(INFO)[0m [Producer.mosaic_0 ]964
[0m[1m[2023-10-11 15:41:05.901] [0m[32;1m(INFO)[0m [Producer.mosaic_0 ]965
[0m[1m[2023-10-11 15:41:05.901] [0m[32;1m(INFO)[0m [Producer.mosaic_0 ]966
[0m[1m[2023-10-11 15:41:05.901] [0m[32;1m(INFO)[0m [Producer.mosaic_0 ]967
[0m[1m[2023-10-11 15:41:05.901] [0m[32;1m(INFO)[0m [Producer.mosaic_0 ]968
[0m[1m[2023-10-11 15:41:05.901] [0m[32;1m(INFO)[0m [Producer.mosaic_0 ]969
[0m[1m[2023-10-11 15:41:05.902] [0m[32;1m(INFO)[0m [Producer.mosaic_0 ]970
[0m[1m[2023-10-11 15:41:05.902] [0m[32;1m(INFO)[0m [Producer.mosaic_0 ]971
[0m[1m[2023-10-11 15:41:05.902] [0m[32;1m(INFO)[0m [Producer.mosaic_0 ]972
[0m[1m[2023-10-11 15:41:05.902] [0m[32;1m(INFO)[0m [Producer.mosaic_0 ]973
[0m[1m[2023-10-11 15:41:05.902] [0m[32;1m(INFO)[0m [Producer.mosaic_0 ]974
[0m[1m[2023-10-11 15:41:05.902] [0m[32;1m(INFO)[0m [Producer.mosaic_0 ]975
[0m[1m[2023-10-11 15:41:05.902] [0m[32;1m(INFO)[0m [Producer.mosaic_0 ]976
[0m[1m[2023-10-11 15:41:05.902] [0m[32;1m(INFO)[0m [Producer.mosaic_0 ]977
[0m[1m[2023-10-11 15:41:05.902] [0m[32;1m(INFO)[0m [Producer.mosaic_0 ]978
[0m[1m[2023-10-11 15:41:05.903] [0m[32;1m(INFO)[0m [Producer.mosaic_0 ]979
[0m[1m[2023-10-11 15:41:05.903] [0m[32;1m(INFO)[0m [Producer.mosaic_0 ]980
[0m[1m[2023-10-11 15:41:05.903] [0m[32;1m(INFO)[0m [Producer.mosaic_0 ]981
[0m[1m[2023-10-11 15:41:05.903] [0m[32;1m(INFO)[0m [Producer.mosaic_0 ]982
[0m[1m[2023-10-11 15:41:05.903] [0m[32;1m(INFO)[0m [Producer.mosaic_0 ]983
[0m[1m[2023-10-11 15:41:05.903] [0m[32;1m(INFO)[0m [Producer.mosaic_0 ]984
[0m[1m[2023-10-11 15:41:05.903] [0m[32;1m(INFO)[0m [Producer.mosaic_0 ]985
[0m[1m[2023-10-11 15:41:05.903] [0m[32;1m(INFO)[0m [Producer.mosaic_0 ]986
[0m[1m[2023-10-11 15:41:05.904] [0m[32;1m(INFO)[0m [Producer.mosaic_0 ]987
[0m[1m[2023-10-11 15:41:05.904] [0m[32;1m(INFO)[0m [Producer.mosaic_0 ]988
[0m[1m[2023-10-11 15:41:05.904] [0m[32;1m(INFO)[0m [Producer.mosaic_0 ]989
[0m[1m[2023-10-11 15:41:05.904] [0m[32;1m(INFO)[0m [Producer.mosaic_0 ]990
[0m[1m[2023-10-11 15:41:05.904] [0m[32;1m(INFO)[0m [Producer.mosaic_0 ]991
[0m[1m[2023-10-11 15:41:05.904] [0m[32;1m(INFO)[0m [Producer.mosaic_0 ]992
[0m[1m[2023-10-11 15:41:05.904] [0m[32;1m(INFO)[0m [Producer.mosaic_0 ]993
[0m[1m[2023-10-11 15:41:05.904] [0m[32;1m(INFO)[0m [Producer.mosaic_0 ]994
[0m[1m[2023-10-11 15:41:05.904] [0m[32;1m(INFO)[0m [Producer.mosaic_0 ]995
[0m[1m[2023-10-11 15:41:05.905] [0m[32;1m(INFO)[0m [Producer.mosaic_0 ]996
[0m[1m[2023-10-11 15:41:05.905] [0m[32;1m(INFO)[0m [Producer.mosaic_0 ]997
[0m[1m[2023-10-11 15:41:05.905] [0m[32;1m(INFO)[0m [Producer.mosaic_0 ]998
[0m[1m[2023-10-11 15:41:05.905] [0m[32;1m(INFO)[0m [Producer.mosaic_0 ]999
[0m[1m[2023-10-11 15:41:05.905] [0m[32;1m(INFO)[0m [Producer.mosaic_0 ]1000
[0m[1m[2023-10-11 15:41:05.905] [0m[32;1m(INFO)[0m [Producer.mosaic_0 ]1001
[0m[1m[2023-10-11 15:41:16.841] [0m[32;1m(INFO)[0m [RunControl.RC-GUI ]Processing StopRun command for RUN #820
[0m[1m[2023-10-11 15:41:16.841] [0m[32;1m(INFO)[0m [Producer.mosaic_0 ]RUN #820 is to be stopped...
[0m[1m[2023-10-11 15:41:16.907] [0m[32;1m(INFO)[0m [Producer.mosaic_0 ]RUN #820 is stopped.
[0m[1m[2023-10-11 15:41:20.408] [0m[32;1m(INFO)[0m [RunControl.RC-GUI ]Processing Terminate command
